{"/home/runner/workspace/client/src/App.tsx": {"path":"/home/runner/workspace/client/src/App.tsx","statementMap":{"0":{"start":{"line":10,"column":2},"end":{"line":14,"column":null}},"1":{"start":{"line":19,"column":2},"end":{"line":25,"column":null}}},"fnMap":{"0":{"name":"Router","decl":{"start":{"line":9,"column":9},"end":{"line":9,"column":18}},"loc":{"start":{"line":9,"column":18},"end":{"line":16,"column":null}},"line":9},"1":{"name":"App","decl":{"start":{"line":18,"column":9},"end":{"line":18,"column":15}},"loc":{"start":{"line":18,"column":15},"end":{"line":27,"column":null}},"line":18}},"branchMap":{},"s":{"0":0,"1":0},"f":{"0":0,"1":0},"b":{},"meta":{"lastBranch":0,"lastFunction":2,"lastStatement":2,"seen":{"f:9:9:9:18":0,"s:10:2:14:Infinity":0,"f:18:9:18:15":1,"s:19:2:25:Infinity":1}}}
,"/home/runner/workspace/client/src/main.tsx": {"path":"/home/runner/workspace/client/src/main.tsx","statementMap":{"0":{"start":{"line":5,"column":0},"end":{"line":5,"column":null}}},"fnMap":{},"branchMap":{},"s":{"0":0},"f":{},"b":{},"meta":{"lastBranch":0,"lastFunction":0,"lastStatement":1,"seen":{"s:5:0:5:Infinity":0}}}
,"/home/runner/workspace/client/src/components/CurrentWeatherCard.tsx": {"path":"/home/runner/workspace/client/src/components/CurrentWeatherCard.tsx","statementMap":{"0":{"start":{"line":14,"column":2},"end":{"line":73,"column":null}}},"fnMap":{"0":{"name":"CurrentWeatherCard","decl":{"start":{"line":13,"column":24},"end":{"line":13,"column":43}},"loc":{"start":{"line":13,"column":111},"end":{"line":75,"column":null}},"line":13}},"branchMap":{"0":{"loc":{"start":{"line":30,"column":23},"end":{"line":30,"column":null}},"type":"cond-expr","locations":[{"start":{"line":30,"column":36},"end":{"line":30,"column":56}},{"start":{"line":30,"column":56},"end":{"line":30,"column":null}}],"line":30},"1":{"loc":{"start":{"line":33,"column":40},"end":{"line":33,"column":72}},"type":"cond-expr","locations":[{"start":{"line":33,"column":53},"end":{"line":33,"column":70}},{"start":{"line":33,"column":70},"end":{"line":33,"column":72}}],"line":33},"2":{"loc":{"start":{"line":41,"column":15},"end":{"line":41,"column":51}},"type":"cond-expr","locations":[{"start":{"line":41,"column":41},"end":{"line":41,"column":47}},{"start":{"line":41,"column":47},"end":{"line":41,"column":51}}],"line":41},"3":{"loc":{"start":{"line":54,"column":15},"end":{"line":54,"column":49}},"type":"cond-expr","locations":[{"start":{"line":54,"column":39},"end":{"line":54,"column":45}},{"start":{"line":54,"column":45},"end":{"line":54,"column":49}}],"line":54}},"s":{"0":23},"f":{"0":23},"b":{"0":[3,20],"1":[3,20],"2":[22,1],"3":[22,1]},"meta":{"lastBranch":4,"lastFunction":1,"lastStatement":1,"seen":{"f:13:24:13:43":0,"s:14:2:73:Infinity":0,"b:30:36:30:56:30:56:30:Infinity":0,"b:33:53:33:70:33:70:33:72":1,"b:41:41:41:47:41:47:41:51":2,"b:54:39:54:45:54:45:54:49":3}}}
,"/home/runner/workspace/client/src/components/FavoritesSidebar.tsx": {"path":"/home/runner/workspace/client/src/components/FavoritesSidebar.tsx","statementMap":{"0":{"start":{"line":13,"column":2},"end":{"line":56,"column":null}},"1":{"start":{"line":29,"column":14},"end":{"line":51,"column":null}},"2":{"start":{"line":32,"column":33},"end":{"line":32,"column":null}},"3":{"start":{"line":43,"column":22},"end":{"line":43,"column":null}},"4":{"start":{"line":44,"column":22},"end":{"line":44,"column":null}}},"fnMap":{"0":{"name":"FavoritesSidebar","decl":{"start":{"line":12,"column":24},"end":{"line":12,"column":41}},"loc":{"start":{"line":12,"column":111},"end":{"line":58,"column":null}},"line":12},"1":{"name":"(anonymous_1)","decl":{"start":{"line":28,"column":27},"end":{"line":28,"column":28}},"loc":{"start":{"line":29,"column":14},"end":{"line":51,"column":null}},"line":29},"2":{"name":"(anonymous_2)","decl":{"start":{"line":32,"column":27},"end":{"line":32,"column":33}},"loc":{"start":{"line":32,"column":33},"end":{"line":32,"column":null}},"line":32},"3":{"name":"(anonymous_3)","decl":{"start":{"line":42,"column":29},"end":{"line":42,"column":30}},"loc":{"start":{"line":42,"column":36},"end":{"line":45,"column":null}},"line":42}},"branchMap":{"0":{"loc":{"start":{"line":22,"column":9},"end":{"line":53,"column":null}},"type":"cond-expr","locations":[{"start":{"line":23,"column":10},"end":{"line":25,"column":null}},{"start":{"line":27,"column":10},"end":{"line":53,"column":null}}],"line":22}},"s":{"0":13,"1":27,"2":0,"3":0,"4":0},"f":{"0":13,"1":27,"2":0,"3":0},"b":{"0":[0,13]},"meta":{"lastBranch":1,"lastFunction":4,"lastStatement":5,"seen":{"f:12:24:12:41":0,"s:13:2:56:Infinity":0,"b:23:10:25:Infinity:27:10:53:Infinity":0,"f:28:27:28:28":1,"s:29:14:51:Infinity":1,"f:32:27:32:33":2,"s:32:33:32:Infinity":2,"f:42:29:42:30":3,"s:43:22:43:Infinity":3,"s:44:22:44:Infinity":4}}}
,"/home/runner/workspace/client/src/components/ForecastCard.tsx": {"path":"/home/runner/workspace/client/src/components/ForecastCard.tsx","statementMap":{"0":{"start":{"line":10,"column":2},"end":{"line":27,"column":null}}},"fnMap":{"0":{"name":"ForecastCard","decl":{"start":{"line":9,"column":24},"end":{"line":9,"column":37}},"loc":{"start":{"line":9,"column":70},"end":{"line":29,"column":null}},"line":9}},"branchMap":{"0":{"loc":{"start":{"line":19,"column":13},"end":{"line":19,"column":46}},"type":"cond-expr","locations":[{"start":{"line":19,"column":36},"end":{"line":19,"column":42}},{"start":{"line":19,"column":42},"end":{"line":19,"column":46}}],"line":19},"1":{"loc":{"start":{"line":23,"column":13},"end":{"line":23,"column":48}},"type":"cond-expr","locations":[{"start":{"line":23,"column":38},"end":{"line":23,"column":44}},{"start":{"line":23,"column":44},"end":{"line":23,"column":48}}],"line":23}},"s":{"0":65},"f":{"0":65},"b":{"0":[65,0],"1":[65,0]},"meta":{"lastBranch":2,"lastFunction":1,"lastStatement":1,"seen":{"f:9:24:9:37":0,"s:10:2:27:Infinity":0,"b:19:36:19:42:19:42:19:46":0,"b:23:38:23:44:23:44:23:48":1}}}
,"/home/runner/workspace/client/src/components/ForecastSection.tsx": {"path":"/home/runner/workspace/client/src/components/ForecastSection.tsx","statementMap":{"0":{"start":{"line":9,"column":2},"end":{"line":21,"column":null}},"1":{"start":{"line":16,"column":10},"end":{"line":18,"column":null}}},"fnMap":{"0":{"name":"ForecastSection","decl":{"start":{"line":8,"column":24},"end":{"line":8,"column":40}},"loc":{"start":{"line":8,"column":76},"end":{"line":23,"column":null}},"line":8},"1":{"name":"(anonymous_1)","decl":{"start":{"line":15,"column":22},"end":{"line":15,"column":23}},"loc":{"start":{"line":16,"column":10},"end":{"line":18,"column":null}},"line":16}},"branchMap":{},"s":{"0":13,"1":65},"f":{"0":13,"1":65},"b":{},"meta":{"lastBranch":0,"lastFunction":2,"lastStatement":2,"seen":{"f:8:24:8:40":0,"s:9:2:21:Infinity":0,"f:15:22:15:23":1,"s:16:10:18:Infinity":1}}}
,"/home/runner/workspace/client/src/components/SearchHeader.tsx": {"path":"/home/runner/workspace/client/src/components/SearchHeader.tsx","statementMap":{"0":{"start":{"line":12,"column":36},"end":{"line":12,"column":null}},"1":{"start":{"line":14,"column":23},"end":{"line":19,"column":null}},"2":{"start":{"line":15,"column":4},"end":{"line":15,"column":null}},"3":{"start":{"line":16,"column":4},"end":{"line":18,"column":null}},"4":{"start":{"line":17,"column":6},"end":{"line":17,"column":null}},"5":{"start":{"line":21,"column":2},"end":{"line":48,"column":null}},"6":{"start":{"line":34,"column":33},"end":{"line":34,"column":null}}},"fnMap":{"0":{"name":"SearchHeader","decl":{"start":{"line":11,"column":24},"end":{"line":11,"column":37}},"loc":{"start":{"line":11,"column":83},"end":{"line":50,"column":null}},"line":11},"1":{"name":"(anonymous_1)","decl":{"start":{"line":14,"column":23},"end":{"line":14,"column":24}},"loc":{"start":{"line":14,"column":47},"end":{"line":19,"column":null}},"line":14},"2":{"name":"(anonymous_2)","decl":{"start":{"line":34,"column":26},"end":{"line":34,"column":27}},"loc":{"start":{"line":34,"column":33},"end":{"line":34,"column":null}},"line":34}},"branchMap":{"0":{"loc":{"start":{"line":16,"column":4},"end":{"line":18,"column":null}},"type":"if","locations":[{"start":{"line":16,"column":4},"end":{"line":18,"column":null}},{"start":{},"end":{}}],"line":16}},"s":{"0":49,"1":49,"2":7,"3":7,"4":5,"5":49,"6":29},"f":{"0":49,"1":7,"2":29},"b":{"0":[5,2]},"meta":{"lastBranch":1,"lastFunction":3,"lastStatement":7,"seen":{"f:11:24:11:37":0,"s:12:36:12:Infinity":0,"s:14:23:19:Infinity":1,"f:14:23:14:24":1,"s:15:4:15:Infinity":2,"b:16:4:18:Infinity:undefined:undefined:undefined:undefined":0,"s:16:4:18:Infinity":3,"s:17:6:17:Infinity":4,"s:21:2:48:Infinity":5,"f:34:26:34:27":2,"s:34:33:34:Infinity":6}}}
,"/home/runner/workspace/client/src/components/WeatherIcon.tsx": {"path":"/home/runner/workspace/client/src/components/WeatherIcon.tsx","statementMap":{"0":{"start":{"line":9,"column":20},"end":{"line":14,"column":null}},"1":{"start":{"line":17,"column":20},"end":{"line":17,"column":null}},"2":{"start":{"line":18,"column":20},"end":{"line":18,"column":null}},"3":{"start":{"line":20,"column":2},"end":{"line":35,"column":null}},"4":{"start":{"line":22,"column":6},"end":{"line":22,"column":null}},"5":{"start":{"line":24,"column":6},"end":{"line":24,"column":null}},"6":{"start":{"line":26,"column":6},"end":{"line":26,"column":null}},"7":{"start":{"line":28,"column":6},"end":{"line":28,"column":null}},"8":{"start":{"line":30,"column":6},"end":{"line":30,"column":null}},"9":{"start":{"line":32,"column":6},"end":{"line":32,"column":null}},"10":{"start":{"line":34,"column":6},"end":{"line":34,"column":null}}},"fnMap":{"0":{"name":"WeatherIcon","decl":{"start":{"line":16,"column":24},"end":{"line":16,"column":36}},"loc":{"start":{"line":16,"column":98},"end":{"line":36,"column":null}},"line":16}},"branchMap":{"0":{"loc":{"start":{"line":16,"column":49},"end":{"line":16,"column":62}},"type":"default-arg","locations":[{"start":{"line":16,"column":56},"end":{"line":16,"column":62}}],"line":16},"1":{"loc":{"start":{"line":16,"column":62},"end":{"line":16,"column":77}},"type":"default-arg","locations":[{"start":{"line":16,"column":74},"end":{"line":16,"column":77}}],"line":16},"2":{"loc":{"start":{"line":20,"column":2},"end":{"line":35,"column":null}},"type":"switch","locations":[{"start":{"line":21,"column":4},"end":{"line":22,"column":null}},{"start":{"line":23,"column":4},"end":{"line":24,"column":null}},{"start":{"line":25,"column":4},"end":{"line":26,"column":null}},{"start":{"line":27,"column":4},"end":{"line":28,"column":null}},{"start":{"line":29,"column":4},"end":{"line":30,"column":null}},{"start":{"line":31,"column":4},"end":{"line":32,"column":null}},{"start":{"line":33,"column":4},"end":{"line":34,"column":null}}],"line":20}},"s":{"0":2,"1":88,"2":88,"3":88,"4":34,"5":13,"6":28,"7":13,"8":0,"9":0,"10":0},"f":{"0":88},"b":{"0":[88],"1":[88],"2":[34,13,28,13,0,0,0]},"meta":{"lastBranch":3,"lastFunction":1,"lastStatement":11,"seen":{"s:9:20:14:Infinity":0,"f:16:24:16:36":0,"b:16:56:16:62":0,"b:16:74:16:77":1,"s:17:20:17:Infinity":1,"s:18:20:18:Infinity":2,"b:21:4:22:Infinity:23:4:24:Infinity:25:4:26:Infinity:27:4:28:Infinity:29:4:30:Infinity:31:4:32:Infinity:33:4:34:Infinity":2,"s:20:2:35:Infinity":3,"s:22:6:22:Infinity":4,"s:24:6:24:Infinity":5,"s:26:6:26:Infinity":6,"s:28:6:28:Infinity":7,"s:30:6:30:Infinity":8,"s:32:6:32:Infinity":9,"s:34:6:34:Infinity":10}}}
,"/home/runner/workspace/client/src/components/ui/accordion.tsx": {"path":"/home/runner/workspace/client/src/components/ui/accordion.tsx","statementMap":{"0":{"start":{"line":7,"column":18},"end":{"line":7,"column":null}},"1":{"start":{"line":9,"column":22},"end":{"line":18,"column":null}},"2":{"start":{"line":13,"column":2},"end":{"line":17,"column":null}},"3":{"start":{"line":19,"column":0},"end":{"line":19,"column":null}},"4":{"start":{"line":21,"column":25},"end":{"line":38,"column":null}},"5":{"start":{"line":25,"column":2},"end":{"line":37,"column":null}},"6":{"start":{"line":39,"column":0},"end":{"line":39,"column":null}},"7":{"start":{"line":41,"column":25},"end":{"line":52,"column":null}},"8":{"start":{"line":45,"column":2},"end":{"line":51,"column":null}},"9":{"start":{"line":54,"column":0},"end":{"line":54,"column":null}}},"fnMap":{"0":{"name":"(anonymous_0)","decl":{"start":{"line":12,"column":2},"end":{"line":12,"column":3}},"loc":{"start":{"line":13,"column":2},"end":{"line":17,"column":null}},"line":13},"1":{"name":"(anonymous_1)","decl":{"start":{"line":24,"column":2},"end":{"line":24,"column":3}},"loc":{"start":{"line":25,"column":2},"end":{"line":37,"column":null}},"line":25},"2":{"name":"(anonymous_2)","decl":{"start":{"line":44,"column":2},"end":{"line":44,"column":3}},"loc":{"start":{"line":45,"column":2},"end":{"line":51,"column":null}},"line":45}},"branchMap":{},"s":{"0":0,"1":0,"2":0,"3":0,"4":0,"5":0,"6":0,"7":0,"8":0,"9":0},"f":{"0":0,"1":0,"2":0},"b":{},"meta":{"lastBranch":0,"lastFunction":3,"lastStatement":10,"seen":{"s:7:18:7:Infinity":0,"s:9:22:18:Infinity":1,"f:12:2:12:3":0,"s:13:2:17:Infinity":2,"s:19:0:19:Infinity":3,"s:21:25:38:Infinity":4,"f:24:2:24:3":1,"s:25:2:37:Infinity":5,"s:39:0:39:Infinity":6,"s:41:25:52:Infinity":7,"f:44:2:44:3":2,"s:45:2:51:Infinity":8,"s:54:0:54:Infinity":9}}}
,"/home/runner/workspace/client/src/components/ui/alert-dialog.tsx": {"path":"/home/runner/workspace/client/src/components/ui/alert-dialog.tsx","statementMap":{"0":{"start":{"line":7,"column":20},"end":{"line":7,"column":null}},"1":{"start":{"line":9,"column":27},"end":{"line":9,"column":null}},"2":{"start":{"line":11,"column":26},"end":{"line":11,"column":null}},"3":{"start":{"line":13,"column":27},"end":{"line":25,"column":null}},"4":{"start":{"line":17,"column":2},"end":{"line":24,"column":null}},"5":{"start":{"line":26,"column":0},"end":{"line":26,"column":null}},"6":{"start":{"line":28,"column":27},"end":{"line":43,"column":null}},"7":{"start":{"line":32,"column":2},"end":{"line":42,"column":null}},"8":{"start":{"line":44,"column":0},"end":{"line":44,"column":null}},"9":{"start":{"line":46,"column":26},"end":{"line":56,"column":null}},"10":{"start":{"line":50,"column":2},"end":{"line":56,"column":null}},"11":{"start":{"line":58,"column":0},"end":{"line":58,"column":null}},"12":{"start":{"line":60,"column":26},"end":{"line":70,"column":null}},"13":{"start":{"line":64,"column":2},"end":{"line":70,"column":null}},"14":{"start":{"line":72,"column":0},"end":{"line":72,"column":null}},"15":{"start":{"line":74,"column":25},"end":{"line":83,"column":null}},"16":{"start":{"line":78,"column":2},"end":{"line":82,"column":null}},"17":{"start":{"line":84,"column":0},"end":{"line":84,"column":null}},"18":{"start":{"line":86,"column":31},"end":{"line":95,"column":null}},"19":{"start":{"line":90,"column":2},"end":{"line":94,"column":null}},"20":{"start":{"line":96,"column":0},"end":{"line":97,"column":null}},"21":{"start":{"line":99,"column":26},"end":{"line":108,"column":null}},"22":{"start":{"line":103,"column":2},"end":{"line":107,"column":null}},"23":{"start":{"line":109,"column":0},"end":{"line":109,"column":null}},"24":{"start":{"line":111,"column":26},"end":{"line":124,"column":null}},"25":{"start":{"line":115,"column":2},"end":{"line":123,"column":null}},"26":{"start":{"line":125,"column":0},"end":{"line":125,"column":null}}},"fnMap":{"0":{"name":"(anonymous_0)","decl":{"start":{"line":16,"column":2},"end":{"line":16,"column":3}},"loc":{"start":{"line":17,"column":2},"end":{"line":24,"column":null}},"line":17},"1":{"name":"(anonymous_1)","decl":{"start":{"line":31,"column":2},"end":{"line":31,"column":3}},"loc":{"start":{"line":32,"column":2},"end":{"line":42,"column":null}},"line":32},"2":{"name":"(anonymous_2)","decl":{"start":{"line":46,"column":26},"end":{"line":46,"column":27}},"loc":{"start":{"line":50,"column":2},"end":{"line":56,"column":null}},"line":50},"3":{"name":"(anonymous_3)","decl":{"start":{"line":60,"column":26},"end":{"line":60,"column":27}},"loc":{"start":{"line":64,"column":2},"end":{"line":70,"column":null}},"line":64},"4":{"name":"(anonymous_4)","decl":{"start":{"line":77,"column":2},"end":{"line":77,"column":3}},"loc":{"start":{"line":78,"column":2},"end":{"line":82,"column":null}},"line":78},"5":{"name":"(anonymous_5)","decl":{"start":{"line":89,"column":2},"end":{"line":89,"column":3}},"loc":{"start":{"line":90,"column":2},"end":{"line":94,"column":null}},"line":90},"6":{"name":"(anonymous_6)","decl":{"start":{"line":102,"column":2},"end":{"line":102,"column":3}},"loc":{"start":{"line":103,"column":2},"end":{"line":107,"column":null}},"line":103},"7":{"name":"(anonymous_7)","decl":{"start":{"line":114,"column":2},"end":{"line":114,"column":3}},"loc":{"start":{"line":115,"column":2},"end":{"line":123,"column":null}},"line":115}},"branchMap":{},"s":{"0":0,"1":0,"2":0,"3":0,"4":0,"5":0,"6":0,"7":0,"8":0,"9":0,"10":0,"11":0,"12":0,"13":0,"14":0,"15":0,"16":0,"17":0,"18":0,"19":0,"20":0,"21":0,"22":0,"23":0,"24":0,"25":0,"26":0},"f":{"0":0,"1":0,"2":0,"3":0,"4":0,"5":0,"6":0,"7":0},"b":{},"meta":{"lastBranch":0,"lastFunction":8,"lastStatement":27,"seen":{"s:7:20:7:Infinity":0,"s:9:27:9:Infinity":1,"s:11:26:11:Infinity":2,"s:13:27:25:Infinity":3,"f:16:2:16:3":0,"s:17:2:24:Infinity":4,"s:26:0:26:Infinity":5,"s:28:27:43:Infinity":6,"f:31:2:31:3":1,"s:32:2:42:Infinity":7,"s:44:0:44:Infinity":8,"s:46:26:56:Infinity":9,"f:46:26:46:27":2,"s:50:2:56:Infinity":10,"s:58:0:58:Infinity":11,"s:60:26:70:Infinity":12,"f:60:26:60:27":3,"s:64:2:70:Infinity":13,"s:72:0:72:Infinity":14,"s:74:25:83:Infinity":15,"f:77:2:77:3":4,"s:78:2:82:Infinity":16,"s:84:0:84:Infinity":17,"s:86:31:95:Infinity":18,"f:89:2:89:3":5,"s:90:2:94:Infinity":19,"s:96:0:97:Infinity":20,"s:99:26:108:Infinity":21,"f:102:2:102:3":6,"s:103:2:107:Infinity":22,"s:109:0:109:Infinity":23,"s:111:26:124:Infinity":24,"f:114:2:114:3":7,"s:115:2:123:Infinity":25,"s:125:0:125:Infinity":26}}}
,"/home/runner/workspace/client/src/components/ui/alert.tsx": {"path":"/home/runner/workspace/client/src/components/ui/alert.tsx","statementMap":{"0":{"start":{"line":6,"column":6},"end":{"line":20,"column":null}},"1":{"start":{"line":22,"column":14},"end":{"line":32,"column":null}},"2":{"start":{"line":26,"column":2},"end":{"line":31,"column":null}},"3":{"start":{"line":33,"column":0},"end":{"line":33,"column":null}},"4":{"start":{"line":35,"column":19},"end":{"line":44,"column":null}},"5":{"start":{"line":39,"column":2},"end":{"line":43,"column":null}},"6":{"start":{"line":45,"column":0},"end":{"line":45,"column":null}},"7":{"start":{"line":47,"column":25},"end":{"line":56,"column":null}},"8":{"start":{"line":51,"column":2},"end":{"line":55,"column":null}},"9":{"start":{"line":57,"column":0},"end":{"line":57,"column":null}}},"fnMap":{"0":{"name":"(anonymous_0)","decl":{"start":{"line":25,"column":2},"end":{"line":25,"column":3}},"loc":{"start":{"line":26,"column":2},"end":{"line":31,"column":null}},"line":26},"1":{"name":"(anonymous_1)","decl":{"start":{"line":38,"column":2},"end":{"line":38,"column":3}},"loc":{"start":{"line":39,"column":2},"end":{"line":43,"column":null}},"line":39},"2":{"name":"(anonymous_2)","decl":{"start":{"line":50,"column":2},"end":{"line":50,"column":3}},"loc":{"start":{"line":51,"column":2},"end":{"line":55,"column":null}},"line":51}},"branchMap":{},"s":{"0":0,"1":0,"2":0,"3":0,"4":0,"5":0,"6":0,"7":0,"8":0,"9":0},"f":{"0":0,"1":0,"2":0},"b":{},"meta":{"lastBranch":0,"lastFunction":3,"lastStatement":10,"seen":{"s:6:6:20:Infinity":0,"s:22:14:32:Infinity":1,"f:25:2:25:3":0,"s:26:2:31:Infinity":2,"s:33:0:33:Infinity":3,"s:35:19:44:Infinity":4,"f:38:2:38:3":1,"s:39:2:43:Infinity":5,"s:45:0:45:Infinity":6,"s:47:25:56:Infinity":7,"f:50:2:50:3":2,"s:51:2:55:Infinity":8,"s:57:0:57:Infinity":9}}}
,"/home/runner/workspace/client/src/components/ui/aspect-ratio.tsx": {"path":"/home/runner/workspace/client/src/components/ui/aspect-ratio.tsx","statementMap":{"0":{"start":{"line":3,"column":20},"end":{"line":3,"column":null}}},"fnMap":{},"branchMap":{},"s":{"0":0},"f":{},"b":{},"meta":{"lastBranch":0,"lastFunction":0,"lastStatement":1,"seen":{"s:3:20:3:Infinity":0}}}
,"/home/runner/workspace/client/src/components/ui/avatar.tsx": {"path":"/home/runner/workspace/client/src/components/ui/avatar.tsx","statementMap":{"0":{"start":{"line":8,"column":15},"end":{"line":21,"column":null}},"1":{"start":{"line":12,"column":2},"end":{"line":20,"column":null}},"2":{"start":{"line":22,"column":0},"end":{"line":22,"column":null}},"3":{"start":{"line":24,"column":20},"end":{"line":33,"column":null}},"4":{"start":{"line":28,"column":2},"end":{"line":32,"column":null}},"5":{"start":{"line":34,"column":0},"end":{"line":34,"column":null}},"6":{"start":{"line":36,"column":23},"end":{"line":48,"column":null}},"7":{"start":{"line":40,"column":2},"end":{"line":47,"column":null}},"8":{"start":{"line":49,"column":0},"end":{"line":49,"column":null}}},"fnMap":{"0":{"name":"(anonymous_0)","decl":{"start":{"line":11,"column":2},"end":{"line":11,"column":3}},"loc":{"start":{"line":12,"column":2},"end":{"line":20,"column":null}},"line":12},"1":{"name":"(anonymous_1)","decl":{"start":{"line":27,"column":2},"end":{"line":27,"column":3}},"loc":{"start":{"line":28,"column":2},"end":{"line":32,"column":null}},"line":28},"2":{"name":"(anonymous_2)","decl":{"start":{"line":39,"column":2},"end":{"line":39,"column":3}},"loc":{"start":{"line":40,"column":2},"end":{"line":47,"column":null}},"line":40}},"branchMap":{},"s":{"0":0,"1":0,"2":0,"3":0,"4":0,"5":0,"6":0,"7":0,"8":0},"f":{"0":0,"1":0,"2":0},"b":{},"meta":{"lastBranch":0,"lastFunction":3,"lastStatement":9,"seen":{"s:8:15:21:Infinity":0,"f:11:2:11:3":0,"s:12:2:20:Infinity":1,"s:22:0:22:Infinity":2,"s:24:20:33:Infinity":3,"f:27:2:27:3":1,"s:28:2:32:Infinity":4,"s:34:0:34:Infinity":5,"s:36:23:48:Infinity":6,"f:39:2:39:3":2,"s:40:2:47:Infinity":7,"s:49:0:49:Infinity":8}}}
,"/home/runner/workspace/client/src/components/ui/badge.tsx": {"path":"/home/runner/workspace/client/src/components/ui/badge.tsx","statementMap":{"0":{"start":{"line":6,"column":6},"end":{"line":26,"column":null}},"1":{"start":{"line":33,"column":2},"end":{"line":34,"column":null}}},"fnMap":{"0":{"name":"Badge","decl":{"start":{"line":32,"column":9},"end":{"line":32,"column":15}},"loc":{"start":{"line":32,"column":61},"end":{"line":36,"column":null}},"line":32}},"branchMap":{},"s":{"0":0,"1":0},"f":{"0":0},"b":{},"meta":{"lastBranch":0,"lastFunction":1,"lastStatement":2,"seen":{"s:6:6:26:Infinity":0,"f:32:9:32:15":0,"s:33:2:34:Infinity":1}}}
,"/home/runner/workspace/client/src/components/ui/breadcrumb.tsx": {"path":"/home/runner/workspace/client/src/components/ui/breadcrumb.tsx","statementMap":{"0":{"start":{"line":7,"column":19},"end":{"line":12,"column":null}},"1":{"start":{"line":12,"column":25},"end":{"line":12,"column":77}},"2":{"start":{"line":13,"column":0},"end":{"line":13,"column":null}},"3":{"start":{"line":15,"column":23},"end":{"line":27,"column":null}},"4":{"start":{"line":19,"column":2},"end":{"line":26,"column":null}},"5":{"start":{"line":28,"column":0},"end":{"line":28,"column":null}},"6":{"start":{"line":30,"column":23},"end":{"line":39,"column":null}},"7":{"start":{"line":34,"column":2},"end":{"line":38,"column":null}},"8":{"start":{"line":40,"column":0},"end":{"line":40,"column":null}},"9":{"start":{"line":42,"column":23},"end":{"line":57,"column":null}},"10":{"start":{"line":48,"column":15},"end":{"line":48,"column":null}},"11":{"start":{"line":50,"column":2},"end":{"line":55,"column":null}},"12":{"start":{"line":58,"column":0},"end":{"line":58,"column":null}},"13":{"start":{"line":60,"column":23},"end":{"line":72,"column":null}},"14":{"start":{"line":64,"column":2},"end":{"line":71,"column":null}},"15":{"start":{"line":73,"column":0},"end":{"line":73,"column":null}},"16":{"start":{"line":75,"column":28},"end":{"line":87,"column":null}},"17":{"start":{"line":80,"column":2},"end":{"line":87,"column":null}},"18":{"start":{"line":89,"column":0},"end":{"line":89,"column":null}},"19":{"start":{"line":91,"column":27},"end":{"line":103,"column":null}},"20":{"start":{"line":95,"column":2},"end":{"line":103,"column":null}},"21":{"start":{"line":105,"column":0},"end":{"line":105,"column":null}}},"fnMap":{"0":{"name":"(anonymous_0)","decl":{"start":{"line":12,"column":2},"end":{"line":12,"column":3}},"loc":{"start":{"line":12,"column":25},"end":{"line":12,"column":77}},"line":12},"1":{"name":"(anonymous_1)","decl":{"start":{"line":18,"column":2},"end":{"line":18,"column":3}},"loc":{"start":{"line":19,"column":2},"end":{"line":26,"column":null}},"line":19},"2":{"name":"(anonymous_2)","decl":{"start":{"line":33,"column":2},"end":{"line":33,"column":3}},"loc":{"start":{"line":34,"column":2},"end":{"line":38,"column":null}},"line":34},"3":{"name":"(anonymous_3)","decl":{"start":{"line":47,"column":2},"end":{"line":47,"column":3}},"loc":{"start":{"line":47,"column":45},"end":{"line":57,"column":1}},"line":47},"4":{"name":"(anonymous_4)","decl":{"start":{"line":63,"column":2},"end":{"line":63,"column":3}},"loc":{"start":{"line":64,"column":2},"end":{"line":71,"column":null}},"line":64},"5":{"name":"(anonymous_5)","decl":{"start":{"line":75,"column":28},"end":{"line":75,"column":29}},"loc":{"start":{"line":80,"column":2},"end":{"line":87,"column":null}},"line":80},"6":{"name":"(anonymous_6)","decl":{"start":{"line":91,"column":27},"end":{"line":91,"column":28}},"loc":{"start":{"line":95,"column":2},"end":{"line":103,"column":null}},"line":95}},"branchMap":{"0":{"loc":{"start":{"line":48,"column":15},"end":{"line":48,"column":null}},"type":"cond-expr","locations":[{"start":{"line":48,"column":25},"end":{"line":48,"column":32}},{"start":{"line":48,"column":32},"end":{"line":48,"column":null}}],"line":48},"1":{"loc":{"start":{"line":86,"column":5},"end":{"line":86,"column":null}},"type":"binary-expr","locations":[{"start":{"line":86,"column":5},"end":{"line":86,"column":17}},{"start":{"line":86,"column":17},"end":{"line":86,"column":null}}],"line":86}},"s":{"0":0,"1":0,"2":0,"3":0,"4":0,"5":0,"6":0,"7":0,"8":0,"9":0,"10":0,"11":0,"12":0,"13":0,"14":0,"15":0,"16":0,"17":0,"18":0,"19":0,"20":0,"21":0},"f":{"0":0,"1":0,"2":0,"3":0,"4":0,"5":0,"6":0},"b":{"0":[0,0],"1":[0,0]},"meta":{"lastBranch":2,"lastFunction":7,"lastStatement":22,"seen":{"s:7:19:12:Infinity":0,"f:12:2:12:3":0,"s:12:25:12:77":1,"s:13:0:13:Infinity":2,"s:15:23:27:Infinity":3,"f:18:2:18:3":1,"s:19:2:26:Infinity":4,"s:28:0:28:Infinity":5,"s:30:23:39:Infinity":6,"f:33:2:33:3":2,"s:34:2:38:Infinity":7,"s:40:0:40:Infinity":8,"s:42:23:57:Infinity":9,"f:47:2:47:3":3,"s:48:15:48:Infinity":10,"b:48:25:48:32:48:32:48:Infinity":0,"s:50:2:55:Infinity":11,"s:58:0:58:Infinity":12,"s:60:23:72:Infinity":13,"f:63:2:63:3":4,"s:64:2:71:Infinity":14,"s:73:0:73:Infinity":15,"s:75:28:87:Infinity":16,"f:75:28:75:29":5,"s:80:2:87:Infinity":17,"b:86:5:86:17:86:17:86:Infinity":1,"s:89:0:89:Infinity":18,"s:91:27:103:Infinity":19,"f:91:27:91:28":6,"s:95:2:103:Infinity":20,"s:105:0:105:Infinity":21}}}
,"/home/runner/workspace/client/src/components/ui/button.tsx": {"path":"/home/runner/workspace/client/src/components/ui/button.tsx","statementMap":{"0":{"start":{"line":7,"column":6},"end":{"line":40,"column":null}},"1":{"start":{"line":48,"column":15},"end":{"line":59,"column":null}},"2":{"start":{"line":50,"column":17},"end":{"line":50,"column":null}},"3":{"start":{"line":51,"column":4},"end":{"line":56,"column":null}},"4":{"start":{"line":60,"column":0},"end":{"line":60,"column":null}}},"fnMap":{"0":{"name":"(anonymous_0)","decl":{"start":{"line":49,"column":2},"end":{"line":49,"column":3}},"loc":{"start":{"line":49,"column":68},"end":{"line":58,"column":null}},"line":49}},"branchMap":{"0":{"loc":{"start":{"line":49,"column":31},"end":{"line":49,"column":48}},"type":"default-arg","locations":[{"start":{"line":49,"column":41},"end":{"line":49,"column":48}}],"line":49},"1":{"loc":{"start":{"line":50,"column":17},"end":{"line":50,"column":null}},"type":"cond-expr","locations":[{"start":{"line":50,"column":27},"end":{"line":50,"column":34}},{"start":{"line":50,"column":34},"end":{"line":50,"column":null}}],"line":50}},"s":{"0":3,"1":3,"2":148,"3":148,"4":3},"f":{"0":148},"b":{"0":[148],"1":[0,148]},"meta":{"lastBranch":2,"lastFunction":1,"lastStatement":5,"seen":{"s:7:6:40:Infinity":0,"s:48:15:59:Infinity":1,"f:49:2:49:3":0,"b:49:41:49:48":0,"s:50:17:50:Infinity":2,"b:50:27:50:34:50:34:50:Infinity":1,"s:51:4:56:Infinity":3,"s:60:0:60:Infinity":4}}}
,"/home/runner/workspace/client/src/components/ui/calendar.tsx": {"path":"/home/runner/workspace/client/src/components/ui/calendar.tsx","statementMap":{"0":{"start":{"line":16,"column":2},"end":{"line":63,"column":null}},"1":{"start":{"line":56,"column":10},"end":{"line":56,"column":null}},"2":{"start":{"line":59,"column":10},"end":{"line":59,"column":null}},"3":{"start":{"line":66,"column":0},"end":{"line":66,"column":null}}},"fnMap":{"0":{"name":"Calendar","decl":{"start":{"line":10,"column":9},"end":{"line":10,"column":18}},"loc":{"start":{"line":15,"column":18},"end":{"line":65,"column":null}},"line":15},"1":{"name":"(anonymous_1)","decl":{"start":{"line":55,"column":18},"end":{"line":55,"column":19}},"loc":{"start":{"line":56,"column":10},"end":{"line":56,"column":null}},"line":56},"2":{"name":"(anonymous_2)","decl":{"start":{"line":58,"column":19},"end":{"line":58,"column":20}},"loc":{"start":{"line":59,"column":10},"end":{"line":59,"column":null}},"line":59}},"branchMap":{"0":{"loc":{"start":{"line":13,"column":2},"end":{"line":13,"column":null}},"type":"default-arg","locations":[{"start":{"line":13,"column":20},"end":{"line":13,"column":null}}],"line":13}},"s":{"0":0,"1":0,"2":0,"3":0},"f":{"0":0,"1":0,"2":0},"b":{"0":[0]},"meta":{"lastBranch":1,"lastFunction":3,"lastStatement":4,"seen":{"f:10:9:10:18":0,"b:13:20:13:Infinity":0,"s:16:2:63:Infinity":0,"f:55:18:55:19":1,"s:56:10:56:Infinity":1,"f:58:19:58:20":2,"s:59:10:59:Infinity":2,"s:66:0:66:Infinity":3}}}
,"/home/runner/workspace/client/src/components/ui/card.tsx": {"path":"/home/runner/workspace/client/src/components/ui/card.tsx","statementMap":{"0":{"start":{"line":5,"column":13},"end":{"line":17,"column":null}},"1":{"start":{"line":9,"column":2},"end":{"line":16,"column":null}},"2":{"start":{"line":18,"column":0},"end":{"line":18,"column":null}},"3":{"start":{"line":20,"column":19},"end":{"line":29,"column":null}},"4":{"start":{"line":24,"column":2},"end":{"line":28,"column":null}},"5":{"start":{"line":30,"column":0},"end":{"line":30,"column":null}},"6":{"start":{"line":32,"column":18},"end":{"line":44,"column":null}},"7":{"start":{"line":36,"column":2},"end":{"line":43,"column":null}},"8":{"start":{"line":45,"column":0},"end":{"line":45,"column":null}},"9":{"start":{"line":47,"column":24},"end":{"line":56,"column":null}},"10":{"start":{"line":51,"column":2},"end":{"line":55,"column":null}},"11":{"start":{"line":57,"column":0},"end":{"line":57,"column":null}},"12":{"start":{"line":59,"column":20},"end":{"line":64,"column":null}},"13":{"start":{"line":63,"column":2},"end":{"line":63,"column":null}},"14":{"start":{"line":65,"column":0},"end":{"line":65,"column":null}},"15":{"start":{"line":67,"column":19},"end":{"line":76,"column":null}},"16":{"start":{"line":71,"column":2},"end":{"line":75,"column":null}},"17":{"start":{"line":77,"column":0},"end":{"line":77,"column":null}}},"fnMap":{"0":{"name":"(anonymous_0)","decl":{"start":{"line":8,"column":2},"end":{"line":8,"column":3}},"loc":{"start":{"line":9,"column":2},"end":{"line":16,"column":null}},"line":9},"1":{"name":"(anonymous_1)","decl":{"start":{"line":23,"column":2},"end":{"line":23,"column":3}},"loc":{"start":{"line":24,"column":2},"end":{"line":28,"column":null}},"line":24},"2":{"name":"(anonymous_2)","decl":{"start":{"line":35,"column":2},"end":{"line":35,"column":3}},"loc":{"start":{"line":36,"column":2},"end":{"line":43,"column":null}},"line":36},"3":{"name":"(anonymous_3)","decl":{"start":{"line":50,"column":2},"end":{"line":50,"column":3}},"loc":{"start":{"line":51,"column":2},"end":{"line":55,"column":null}},"line":51},"4":{"name":"(anonymous_4)","decl":{"start":{"line":62,"column":2},"end":{"line":62,"column":3}},"loc":{"start":{"line":63,"column":2},"end":{"line":63,"column":null}},"line":63},"5":{"name":"(anonymous_5)","decl":{"start":{"line":70,"column":2},"end":{"line":70,"column":3}},"loc":{"start":{"line":71,"column":2},"end":{"line":75,"column":null}},"line":71}},"branchMap":{},"s":{"0":2,"1":101,"2":2,"3":2,"4":13,"5":2,"6":2,"7":13,"8":2,"9":2,"10":0,"11":2,"12":2,"13":101,"14":2,"15":2,"16":0,"17":2},"f":{"0":101,"1":13,"2":13,"3":0,"4":101,"5":0},"b":{},"meta":{"lastBranch":0,"lastFunction":6,"lastStatement":18,"seen":{"s:5:13:17:Infinity":0,"f:8:2:8:3":0,"s:9:2:16:Infinity":1,"s:18:0:18:Infinity":2,"s:20:19:29:Infinity":3,"f:23:2:23:3":1,"s:24:2:28:Infinity":4,"s:30:0:30:Infinity":5,"s:32:18:44:Infinity":6,"f:35:2:35:3":2,"s:36:2:43:Infinity":7,"s:45:0:45:Infinity":8,"s:47:24:56:Infinity":9,"f:50:2:50:3":3,"s:51:2:55:Infinity":10,"s:57:0:57:Infinity":11,"s:59:20:64:Infinity":12,"f:62:2:62:3":4,"s:63:2:63:Infinity":13,"s:65:0:65:Infinity":14,"s:67:19:76:Infinity":15,"f:70:2:70:3":5,"s:71:2:75:Infinity":16,"s:77:0:77:Infinity":17}}}
,"/home/runner/workspace/client/src/components/ui/carousel.tsx": {"path":"/home/runner/workspace/client/src/components/ui/carousel.tsx","statementMap":{"0":{"start":{"line":31,"column":24},"end":{"line":31,"column":null}},"1":{"start":{"line":34,"column":18},"end":{"line":34,"column":null}},"2":{"start":{"line":36,"column":2},"end":{"line":38,"column":null}},"3":{"start":{"line":37,"column":4},"end":{"line":37,"column":null}},"4":{"start":{"line":40,"column":2},"end":{"line":40,"column":null}},"5":{"start":{"line":43,"column":17},"end":{"line":148,"column":null}},"6":{"start":{"line":59,"column":27},"end":{"line":65,"column":null}},"7":{"start":{"line":66,"column":46},"end":{"line":66,"column":null}},"8":{"start":{"line":67,"column":46},"end":{"line":67,"column":null}},"9":{"start":{"line":69,"column":21},"end":{"line":76,"column":null}},"10":{"start":{"line":70,"column":6},"end":{"line":72,"column":null}},"11":{"start":{"line":71,"column":8},"end":{"line":71,"column":null}},"12":{"start":{"line":74,"column":6},"end":{"line":74,"column":null}},"13":{"start":{"line":75,"column":6},"end":{"line":75,"column":null}},"14":{"start":{"line":78,"column":23},"end":{"line":80,"column":null}},"15":{"start":{"line":79,"column":6},"end":{"line":79,"column":null}},"16":{"start":{"line":82,"column":23},"end":{"line":84,"column":null}},"17":{"start":{"line":83,"column":6},"end":{"line":83,"column":null}},"18":{"start":{"line":86,"column":26},"end":{"line":97,"column":null}},"19":{"start":{"line":88,"column":8},"end":{"line":94,"column":null}},"20":{"start":{"line":89,"column":10},"end":{"line":89,"column":null}},"21":{"start":{"line":90,"column":10},"end":{"line":90,"column":null}},"22":{"start":{"line":91,"column":8},"end":{"line":94,"column":null}},"23":{"start":{"line":92,"column":10},"end":{"line":92,"column":null}},"24":{"start":{"line":93,"column":10},"end":{"line":93,"column":null}},"25":{"start":{"line":99,"column":4},"end":{"line":105,"column":null}},"26":{"start":{"line":100,"column":6},"end":{"line":102,"column":null}},"27":{"start":{"line":101,"column":8},"end":{"line":101,"column":null}},"28":{"start":{"line":104,"column":6},"end":{"line":104,"column":null}},"29":{"start":{"line":107,"column":4},"end":{"line":119,"column":null}},"30":{"start":{"line":108,"column":6},"end":{"line":110,"column":null}},"31":{"start":{"line":109,"column":8},"end":{"line":109,"column":null}},"32":{"start":{"line":112,"column":6},"end":{"line":112,"column":null}},"33":{"start":{"line":113,"column":6},"end":{"line":113,"column":null}},"34":{"start":{"line":114,"column":6},"end":{"line":114,"column":null}},"35":{"start":{"line":116,"column":6},"end":{"line":118,"column":null}},"36":{"start":{"line":117,"column":8},"end":{"line":117,"column":null}},"37":{"start":{"line":121,"column":4},"end":{"line":145,"column":null}},"38":{"start":{"line":149,"column":0},"end":{"line":149,"column":null}},"39":{"start":{"line":151,"column":24},"end":{"line":170,"column":null}},"40":{"start":{"line":155,"column":39},"end":{"line":155,"column":null}},"41":{"start":{"line":157,"column":2},"end":{"line":168,"column":null}},"42":{"start":{"line":171,"column":0},"end":{"line":171,"column":null}},"43":{"start":{"line":173,"column":21},"end":{"line":192,"column":null}},"44":{"start":{"line":177,"column":26},"end":{"line":177,"column":null}},"45":{"start":{"line":179,"column":2},"end":{"line":190,"column":null}},"46":{"start":{"line":193,"column":0},"end":{"line":193,"column":null}},"47":{"start":{"line":195,"column":25},"end":{"line":221,"column":null}},"48":{"start":{"line":199,"column":53},"end":{"line":199,"column":null}},"49":{"start":{"line":201,"column":2},"end":{"line":219,"column":null}},"50":{"start":{"line":222,"column":0},"end":{"line":222,"column":null}},"51":{"start":{"line":224,"column":21},"end":{"line":250,"column":null}},"52":{"start":{"line":228,"column":53},"end":{"line":228,"column":null}},"53":{"start":{"line":230,"column":2},"end":{"line":248,"column":null}},"54":{"start":{"line":251,"column":0},"end":{"line":251,"column":null}}},"fnMap":{"0":{"name":"useCarousel","decl":{"start":{"line":33,"column":9},"end":{"line":33,"column":23}},"loc":{"start":{"line":33,"column":23},"end":{"line":41,"column":null}},"line":33},"1":{"name":"(anonymous_1)","decl":{"start":{"line":47,"column":2},"end":{"line":47,"column":null}},"loc":{"start":{"line":58,"column":7},"end":{"line":147,"column":null}},"line":58},"2":{"name":"(anonymous_2)","decl":{"start":{"line":69,"column":39},"end":{"line":69,"column":40}},"loc":{"start":{"line":69,"column":61},"end":{"line":76,"column":7}},"line":69},"3":{"name":"(anonymous_3)","decl":{"start":{"line":78,"column":41},"end":{"line":78,"column":47}},"loc":{"start":{"line":78,"column":47},"end":{"line":80,"column":7}},"line":78},"4":{"name":"(anonymous_4)","decl":{"start":{"line":82,"column":41},"end":{"line":82,"column":47}},"loc":{"start":{"line":82,"column":47},"end":{"line":84,"column":7}},"line":82},"5":{"name":"(anonymous_5)","decl":{"start":{"line":87,"column":6},"end":{"line":87,"column":7}},"loc":{"start":{"line":87,"column":54},"end":{"line":95,"column":null}},"line":87},"6":{"name":"(anonymous_6)","decl":{"start":{"line":99,"column":20},"end":{"line":99,"column":26}},"loc":{"start":{"line":99,"column":26},"end":{"line":105,"column":7}},"line":99},"7":{"name":"(anonymous_7)","decl":{"start":{"line":107,"column":20},"end":{"line":107,"column":26}},"loc":{"start":{"line":107,"column":26},"end":{"line":119,"column":7}},"line":107},"8":{"name":"(anonymous_8)","decl":{"start":{"line":116,"column":13},"end":{"line":116,"column":19}},"loc":{"start":{"line":116,"column":19},"end":{"line":118,"column":null}},"line":116},"9":{"name":"(anonymous_9)","decl":{"start":{"line":154,"column":2},"end":{"line":154,"column":3}},"loc":{"start":{"line":154,"column":36},"end":{"line":170,"column":1}},"line":154},"10":{"name":"(anonymous_10)","decl":{"start":{"line":176,"column":2},"end":{"line":176,"column":3}},"loc":{"start":{"line":176,"column":36},"end":{"line":192,"column":1}},"line":176},"11":{"name":"(anonymous_11)","decl":{"start":{"line":198,"column":2},"end":{"line":198,"column":3}},"loc":{"start":{"line":198,"column":72},"end":{"line":221,"column":1}},"line":198},"12":{"name":"(anonymous_12)","decl":{"start":{"line":227,"column":2},"end":{"line":227,"column":3}},"loc":{"start":{"line":227,"column":72},"end":{"line":250,"column":1}},"line":227}},"branchMap":{"0":{"loc":{"start":{"line":36,"column":2},"end":{"line":38,"column":null}},"type":"if","locations":[{"start":{"line":36,"column":2},"end":{"line":38,"column":null}},{"start":{},"end":{}}],"line":36},"1":{"loc":{"start":{"line":49,"column":6},"end":{"line":49,"column":null}},"type":"default-arg","locations":[{"start":{"line":49,"column":20},"end":{"line":49,"column":null}}],"line":49},"2":{"loc":{"start":{"line":62,"column":14},"end":{"line":62,"column":null}},"type":"cond-expr","locations":[{"start":{"line":62,"column":45},"end":{"line":62,"column":51}},{"start":{"line":62,"column":51},"end":{"line":62,"column":null}}],"line":62},"3":{"loc":{"start":{"line":70,"column":6},"end":{"line":72,"column":null}},"type":"if","locations":[{"start":{"line":70,"column":6},"end":{"line":72,"column":null}},{"start":{},"end":{}}],"line":70},"4":{"loc":{"start":{"line":88,"column":8},"end":{"line":94,"column":null}},"type":"if","locations":[{"start":{"line":88,"column":8},"end":{"line":94,"column":null}},{"start":{"line":91,"column":8},"end":{"line":94,"column":null}}],"line":88},"5":{"loc":{"start":{"line":91,"column":8},"end":{"line":94,"column":null}},"type":"if","locations":[{"start":{"line":91,"column":8},"end":{"line":94,"column":null}},{"start":{},"end":{}}],"line":91},"6":{"loc":{"start":{"line":100,"column":6},"end":{"line":102,"column":null}},"type":"if","locations":[{"start":{"line":100,"column":6},"end":{"line":102,"column":null}},{"start":{},"end":{}}],"line":100},"7":{"loc":{"start":{"line":100,"column":10},"end":{"line":100,"column":27}},"type":"binary-expr","locations":[{"start":{"line":100,"column":10},"end":{"line":100,"column":18}},{"start":{"line":100,"column":18},"end":{"line":100,"column":27}}],"line":100},"8":{"loc":{"start":{"line":108,"column":6},"end":{"line":110,"column":null}},"type":"if","locations":[{"start":{"line":108,"column":6},"end":{"line":110,"column":null}},{"start":{},"end":{}}],"line":108},"9":{"loc":{"start":{"line":128,"column":12},"end":{"line":128,"column":null}},"type":"binary-expr","locations":[{"start":{"line":128,"column":12},"end":{"line":128,"column":28}},{"start":{"line":128,"column":28},"end":{"line":128,"column":null}}],"line":128},"10":{"loc":{"start":{"line":128,"column":28},"end":{"line":128,"column":null}},"type":"cond-expr","locations":[{"start":{"line":128,"column":49},"end":{"line":128,"column":62}},{"start":{"line":128,"column":62},"end":{"line":128,"column":null}}],"line":128},"11":{"loc":{"start":{"line":163,"column":10},"end":{"line":163,"column":null}},"type":"cond-expr","locations":[{"start":{"line":163,"column":41},"end":{"line":163,"column":51}},{"start":{"line":163,"column":51},"end":{"line":163,"column":null}}],"line":163},"12":{"loc":{"start":{"line":186,"column":8},"end":{"line":186,"column":null}},"type":"cond-expr","locations":[{"start":{"line":186,"column":39},"end":{"line":186,"column":48}},{"start":{"line":186,"column":48},"end":{"line":186,"column":null}}],"line":186},"13":{"loc":{"start":{"line":198,"column":16},"end":{"line":198,"column":37}},"type":"default-arg","locations":[{"start":{"line":198,"column":26},"end":{"line":198,"column":37}}],"line":198},"14":{"loc":{"start":{"line":198,"column":37},"end":{"line":198,"column":52}},"type":"default-arg","locations":[{"start":{"line":198,"column":44},"end":{"line":198,"column":52}}],"line":198},"15":{"loc":{"start":{"line":208,"column":8},"end":{"line":210,"column":null}},"type":"cond-expr","locations":[{"start":{"line":209,"column":12},"end":{"line":209,"column":null}},{"start":{"line":210,"column":12},"end":{"line":210,"column":null}}],"line":208},"16":{"loc":{"start":{"line":227,"column":16},"end":{"line":227,"column":37}},"type":"default-arg","locations":[{"start":{"line":227,"column":26},"end":{"line":227,"column":37}}],"line":227},"17":{"loc":{"start":{"line":227,"column":37},"end":{"line":227,"column":52}},"type":"default-arg","locations":[{"start":{"line":227,"column":44},"end":{"line":227,"column":52}}],"line":227},"18":{"loc":{"start":{"line":237,"column":8},"end":{"line":239,"column":null}},"type":"cond-expr","locations":[{"start":{"line":238,"column":12},"end":{"line":238,"column":null}},{"start":{"line":239,"column":12},"end":{"line":239,"column":null}}],"line":237}},"s":{"0":0,"1":0,"2":0,"3":0,"4":0,"5":0,"6":0,"7":0,"8":0,"9":0,"10":0,"11":0,"12":0,"13":0,"14":0,"15":0,"16":0,"17":0,"18":0,"19":0,"20":0,"21":0,"22":0,"23":0,"24":0,"25":0,"26":0,"27":0,"28":0,"29":0,"30":0,"31":0,"32":0,"33":0,"34":0,"35":0,"36":0,"37":0,"38":0,"39":0,"40":0,"41":0,"42":0,"43":0,"44":0,"45":0,"46":0,"47":0,"48":0,"49":0,"50":0,"51":0,"52":0,"53":0,"54":0},"f":{"0":0,"1":0,"2":0,"3":0,"4":0,"5":0,"6":0,"7":0,"8":0,"9":0,"10":0,"11":0,"12":0},"b":{"0":[0,0],"1":[0],"2":[0,0],"3":[0,0],"4":[0,0],"5":[0,0],"6":[0,0],"7":[0,0],"8":[0,0],"9":[0,0],"10":[0,0],"11":[0,0],"12":[0,0],"13":[0],"14":[0],"15":[0,0],"16":[0],"17":[0],"18":[0,0]},"meta":{"lastBranch":19,"lastFunction":13,"lastStatement":55,"seen":{"s:31:24:31:Infinity":0,"f:33:9:33:23":0,"s:34:18:34:Infinity":1,"b:36:2:38:Infinity:undefined:undefined:undefined:undefined":0,"s:36:2:38:Infinity":2,"s:37:4:37:Infinity":3,"s:40:2:40:Infinity":4,"s:43:17:148:Infinity":5,"f:47:2:47:Infinity":1,"b:49:20:49:Infinity":1,"s:59:27:65:Infinity":6,"b:62:45:62:51:62:51:62:Infinity":2,"s:66:46:66:Infinity":7,"s:67:46:67:Infinity":8,"s:69:21:76:Infinity":9,"f:69:39:69:40":2,"b:70:6:72:Infinity:undefined:undefined:undefined:undefined":3,"s:70:6:72:Infinity":10,"s:71:8:71:Infinity":11,"s:74:6:74:Infinity":12,"s:75:6:75:Infinity":13,"s:78:23:80:Infinity":14,"f:78:41:78:47":3,"s:79:6:79:Infinity":15,"s:82:23:84:Infinity":16,"f:82:41:82:47":4,"s:83:6:83:Infinity":17,"s:86:26:97:Infinity":18,"f:87:6:87:7":5,"b:88:8:94:Infinity:91:8:94:Infinity":4,"s:88:8:94:Infinity":19,"s:89:10:89:Infinity":20,"s:90:10:90:Infinity":21,"b:91:8:94:Infinity:undefined:undefined:undefined:undefined":5,"s:91:8:94:Infinity":22,"s:92:10:92:Infinity":23,"s:93:10:93:Infinity":24,"s:99:4:105:Infinity":25,"f:99:20:99:26":6,"b:100:6:102:Infinity:undefined:undefined:undefined:undefined":6,"s:100:6:102:Infinity":26,"b:100:10:100:18:100:18:100:27":7,"s:101:8:101:Infinity":27,"s:104:6:104:Infinity":28,"s:107:4:119:Infinity":29,"f:107:20:107:26":7,"b:108:6:110:Infinity:undefined:undefined:undefined:undefined":8,"s:108:6:110:Infinity":30,"s:109:8:109:Infinity":31,"s:112:6:112:Infinity":32,"s:113:6:113:Infinity":33,"s:114:6:114:Infinity":34,"s:116:6:118:Infinity":35,"f:116:13:116:19":8,"s:117:8:117:Infinity":36,"s:121:4:145:Infinity":37,"b:128:12:128:28:128:28:128:Infinity":9,"b:128:49:128:62:128:62:128:Infinity":10,"s:149:0:149:Infinity":38,"s:151:24:170:Infinity":39,"f:154:2:154:3":9,"s:155:39:155:Infinity":40,"s:157:2:168:Infinity":41,"b:163:41:163:51:163:51:163:Infinity":11,"s:171:0:171:Infinity":42,"s:173:21:192:Infinity":43,"f:176:2:176:3":10,"s:177:26:177:Infinity":44,"s:179:2:190:Infinity":45,"b:186:39:186:48:186:48:186:Infinity":12,"s:193:0:193:Infinity":46,"s:195:25:221:Infinity":47,"f:198:2:198:3":11,"b:198:26:198:37":13,"b:198:44:198:52":14,"s:199:53:199:Infinity":48,"s:201:2:219:Infinity":49,"b:209:12:209:Infinity:210:12:210:Infinity":15,"s:222:0:222:Infinity":50,"s:224:21:250:Infinity":51,"f:227:2:227:3":12,"b:227:26:227:37":16,"b:227:44:227:52":17,"s:228:53:228:Infinity":52,"s:230:2:248:Infinity":53,"b:238:12:238:Infinity:239:12:239:Infinity":18,"s:251:0:251:Infinity":54}}}
,"/home/runner/workspace/client/src/components/ui/chart.tsx": {"path":"/home/runner/workspace/client/src/components/ui/chart.tsx","statementMap":{"0":{"start":{"line":9,"column":15},"end":{"line":9,"column":null}},"1":{"start":{"line":25,"column":21},"end":{"line":25,"column":null}},"2":{"start":{"line":28,"column":18},"end":{"line":28,"column":null}},"3":{"start":{"line":30,"column":2},"end":{"line":32,"column":null}},"4":{"start":{"line":31,"column":4},"end":{"line":31,"column":null}},"5":{"start":{"line":34,"column":2},"end":{"line":34,"column":null}},"6":{"start":{"line":37,"column":23},"end":{"line":67,"column":null}},"7":{"start":{"line":46,"column":19},"end":{"line":46,"column":null}},"8":{"start":{"line":47,"column":18},"end":{"line":47,"column":null}},"9":{"start":{"line":49,"column":2},"end":{"line":65,"column":null}},"10":{"start":{"line":68,"column":0},"end":{"line":68,"column":null}},"11":{"start":{"line":70,"column":19},"end":{"line":101,"column":null}},"12":{"start":{"line":71,"column":22},"end":{"line":73,"column":null}},"13":{"start":{"line":72,"column":20},"end":{"line":72,"column":null}},"14":{"start":{"line":75,"column":2},"end":{"line":77,"column":null}},"15":{"start":{"line":76,"column":4},"end":{"line":76,"column":null}},"16":{"start":{"line":79,"column":2},"end":{"line":99,"column":null}},"17":{"start":{"line":84,"column":33},"end":{"line":93,"column":null}},"18":{"start":{"line":89,"column":6},"end":{"line":90,"column":null}},"19":{"start":{"line":91,"column":4},"end":{"line":91,"column":null}},"20":{"start":{"line":103,"column":21},"end":{"line":103,"column":null}},"21":{"start":{"line":105,"column":28},"end":{"line":256,"column":null}},"22":{"start":{"line":134,"column":23},"end":{"line":134,"column":null}},"23":{"start":{"line":136,"column":25},"end":{"line":170,"column":null}},"24":{"start":{"line":137,"column":6},"end":{"line":139,"column":null}},"25":{"start":{"line":138,"column":8},"end":{"line":138,"column":null}},"26":{"start":{"line":141,"column":21},"end":{"line":141,"column":null}},"27":{"start":{"line":142,"column":18},"end":{"line":142,"column":null}},"28":{"start":{"line":143,"column":25},"end":{"line":143,"column":null}},"29":{"start":{"line":145,"column":8},"end":{"line":147,"column":null}},"30":{"start":{"line":149,"column":6},"end":{"line":155,"column":null}},"31":{"start":{"line":150,"column":8},"end":{"line":153,"column":null}},"32":{"start":{"line":157,"column":6},"end":{"line":159,"column":null}},"33":{"start":{"line":158,"column":8},"end":{"line":158,"column":null}},"34":{"start":{"line":161,"column":6},"end":{"line":161,"column":null}},"35":{"start":{"line":172,"column":4},"end":{"line":174,"column":null}},"36":{"start":{"line":173,"column":6},"end":{"line":173,"column":null}},"37":{"start":{"line":176,"column":22},"end":{"line":176,"column":null}},"38":{"start":{"line":178,"column":4},"end":{"line":253,"column":null}},"39":{"start":{"line":189,"column":24},"end":{"line":189,"column":null}},"40":{"start":{"line":190,"column":31},"end":{"line":190,"column":null}},"41":{"start":{"line":191,"column":35},"end":{"line":191,"column":null}},"42":{"start":{"line":193,"column":12},"end":{"line":249,"column":null}},"43":{"start":{"line":257,"column":0},"end":{"line":257,"column":null}},"44":{"start":{"line":259,"column":20},"end":{"line":259,"column":null}},"45":{"start":{"line":261,"column":27},"end":{"line":316,"column":null}},"46":{"start":{"line":273,"column":23},"end":{"line":273,"column":null}},"47":{"start":{"line":275,"column":4},"end":{"line":277,"column":null}},"48":{"start":{"line":276,"column":6},"end":{"line":276,"column":null}},"49":{"start":{"line":279,"column":4},"end":{"line":313,"column":null}},"50":{"start":{"line":289,"column":22},"end":{"line":289,"column":null}},"51":{"start":{"line":290,"column":29},"end":{"line":290,"column":null}},"52":{"start":{"line":292,"column":10},"end":{"line":310,"column":null}},"53":{"start":{"line":317,"column":0},"end":{"line":317,"column":null}},"54":{"start":{"line":325,"column":2},"end":{"line":327,"column":null}},"55":{"start":{"line":326,"column":4},"end":{"line":326,"column":null}},"56":{"start":{"line":330,"column":4},"end":{"line":334,"column":null}},"57":{"start":{"line":336,"column":31},"end":{"line":336,"column":null}},"58":{"start":{"line":338,"column":2},"end":{"line":351,"column":null}},"59":{"start":{"line":342,"column":4},"end":{"line":342,"column":null}},"60":{"start":{"line":343,"column":2},"end":{"line":351,"column":null}},"61":{"start":{"line":348,"column":4},"end":{"line":350,"column":null}},"62":{"start":{"line":353,"column":2},"end":{"line":355,"column":null}}},"fnMap":{"0":{"name":"useChart","decl":{"start":{"line":27,"column":9},"end":{"line":27,"column":20}},"loc":{"start":{"line":27,"column":20},"end":{"line":35,"column":null}},"line":27},"1":{"name":"(anonymous_1)","decl":{"start":{"line":45,"column":2},"end":{"line":45,"column":3}},"loc":{"start":{"line":45,"column":58},"end":{"line":67,"column":1}},"line":45},"2":{"name":"(anonymous_2)","decl":{"start":{"line":70,"column":19},"end":{"line":70,"column":20}},"loc":{"start":{"line":70,"column":76},"end":{"line":101,"column":null}},"line":70},"3":{"name":"(anonymous_3)","decl":{"start":{"line":72,"column":4},"end":{"line":72,"column":5}},"loc":{"start":{"line":72,"column":20},"end":{"line":72,"column":null}},"line":72},"4":{"name":"(anonymous_4)","decl":{"start":{"line":84,"column":12},"end":{"line":84,"column":13}},"loc":{"start":{"line":84,"column":33},"end":{"line":93,"column":null}},"line":84},"5":{"name":"(anonymous_5)","decl":{"start":{"line":87,"column":7},"end":{"line":87,"column":8}},"loc":{"start":{"line":87,"column":30},"end":{"line":92,"column":3}},"line":87},"6":{"name":"(anonymous_6)","decl":{"start":{"line":116,"column":2},"end":{"line":116,"column":null}},"loc":{"start":{"line":133,"column":7},"end":{"line":255,"column":null}},"line":133},"7":{"name":"(anonymous_7)","decl":{"start":{"line":136,"column":39},"end":{"line":136,"column":45}},"loc":{"start":{"line":136,"column":45},"end":{"line":162,"column":7}},"line":136},"8":{"name":"(anonymous_8)","decl":{"start":{"line":188,"column":23},"end":{"line":188,"column":24}},"loc":{"start":{"line":188,"column":40},"end":{"line":251,"column":11}},"line":188},"9":{"name":"(anonymous_9)","decl":{"start":{"line":269,"column":2},"end":{"line":269,"column":null}},"loc":{"start":{"line":272,"column":7},"end":{"line":315,"column":null}},"line":272},"10":{"name":"(anonymous_10)","decl":{"start":{"line":288,"column":21},"end":{"line":288,"column":22}},"loc":{"start":{"line":288,"column":31},"end":{"line":312,"column":9}},"line":288},"11":{"name":"getPayloadConfigFromPayload","decl":{"start":{"line":320,"column":9},"end":{"line":320,"column":null}},"loc":{"start":{"line":324,"column":2},"end":{"line":356,"column":null}},"line":324}},"branchMap":{"0":{"loc":{"start":{"line":30,"column":2},"end":{"line":32,"column":null}},"type":"if","locations":[{"start":{"line":30,"column":2},"end":{"line":32,"column":null}},{"start":{},"end":{}}],"line":30},"1":{"loc":{"start":{"line":47,"column":27},"end":{"line":47,"column":59}},"type":"binary-expr","locations":[{"start":{"line":47,"column":27},"end":{"line":47,"column":33}},{"start":{"line":47,"column":33},"end":{"line":47,"column":59}}],"line":47},"2":{"loc":{"start":{"line":72,"column":20},"end":{"line":72,"column":null}},"type":"binary-expr","locations":[{"start":{"line":72,"column":20},"end":{"line":72,"column":36}},{"start":{"line":72,"column":36},"end":{"line":72,"column":null}}],"line":72},"3":{"loc":{"start":{"line":75,"column":2},"end":{"line":77,"column":null}},"type":"if","locations":[{"start":{"line":75,"column":2},"end":{"line":77,"column":null}},{"start":{},"end":{}}],"line":75},"4":{"loc":{"start":{"line":89,"column":6},"end":{"line":90,"column":null}},"type":"binary-expr","locations":[{"start":{"line":89,"column":6},"end":{"line":89,"column":null}},{"start":{"line":90,"column":6},"end":{"line":90,"column":null}}],"line":89},"5":{"loc":{"start":{"line":91,"column":11},"end":{"line":91,"column":null}},"type":"cond-expr","locations":[{"start":{"line":91,"column":19},"end":{"line":91,"column":51}},{"start":{"line":91,"column":51},"end":{"line":91,"column":null}}],"line":91},"6":{"loc":{"start":{"line":121,"column":6},"end":{"line":121,"column":null}},"type":"default-arg","locations":[{"start":{"line":121,"column":18},"end":{"line":121,"column":null}}],"line":121},"7":{"loc":{"start":{"line":122,"column":6},"end":{"line":122,"column":null}},"type":"default-arg","locations":[{"start":{"line":122,"column":18},"end":{"line":122,"column":null}}],"line":122},"8":{"loc":{"start":{"line":123,"column":6},"end":{"line":123,"column":null}},"type":"default-arg","locations":[{"start":{"line":123,"column":22},"end":{"line":123,"column":null}}],"line":123},"9":{"loc":{"start":{"line":137,"column":6},"end":{"line":139,"column":null}},"type":"if","locations":[{"start":{"line":137,"column":6},"end":{"line":139,"column":null}},{"start":{},"end":{}}],"line":137},"10":{"loc":{"start":{"line":137,"column":10},"end":{"line":137,"column":41}},"type":"binary-expr","locations":[{"start":{"line":137,"column":10},"end":{"line":137,"column":23}},{"start":{"line":137,"column":23},"end":{"line":137,"column":41}}],"line":137},"11":{"loc":{"start":{"line":142,"column":21},"end":{"line":142,"column":71}},"type":"binary-expr","locations":[{"start":{"line":142,"column":21},"end":{"line":142,"column":33}},{"start":{"line":142,"column":33},"end":{"line":142,"column":50}},{"start":{"line":142,"column":50},"end":{"line":142,"column":64}},{"start":{"line":142,"column":64},"end":{"line":142,"column":71}}],"line":142},"12":{"loc":{"start":{"line":145,"column":8},"end":{"line":147,"column":null}},"type":"cond-expr","locations":[{"start":{"line":146,"column":12},"end":{"line":146,"column":null}},{"start":{"line":147,"column":12},"end":{"line":147,"column":null}}],"line":145},"13":{"loc":{"start":{"line":145,"column":8},"end":{"line":145,"column":null}},"type":"binary-expr","locations":[{"start":{"line":145,"column":8},"end":{"line":145,"column":21}},{"start":{"line":145,"column":21},"end":{"line":145,"column":null}}],"line":145},"14":{"loc":{"start":{"line":146,"column":12},"end":{"line":146,"column":null}},"type":"binary-expr","locations":[{"start":{"line":146,"column":12},"end":{"line":146,"column":59}},{"start":{"line":146,"column":59},"end":{"line":146,"column":null}}],"line":146},"15":{"loc":{"start":{"line":149,"column":6},"end":{"line":155,"column":null}},"type":"if","locations":[{"start":{"line":149,"column":6},"end":{"line":155,"column":null}},{"start":{},"end":{}}],"line":149},"16":{"loc":{"start":{"line":157,"column":6},"end":{"line":159,"column":null}},"type":"if","locations":[{"start":{"line":157,"column":6},"end":{"line":159,"column":null}},{"start":{},"end":{}}],"line":157},"17":{"loc":{"start":{"line":172,"column":4},"end":{"line":174,"column":null}},"type":"if","locations":[{"start":{"line":172,"column":4},"end":{"line":174,"column":null}},{"start":{},"end":{}}],"line":172},"18":{"loc":{"start":{"line":172,"column":8},"end":{"line":172,"column":37}},"type":"binary-expr","locations":[{"start":{"line":172,"column":8},"end":{"line":172,"column":19}},{"start":{"line":172,"column":19},"end":{"line":172,"column":37}}],"line":172},"19":{"loc":{"start":{"line":176,"column":22},"end":{"line":176,"column":null}},"type":"binary-expr","locations":[{"start":{"line":176,"column":22},"end":{"line":176,"column":46}},{"start":{"line":176,"column":46},"end":{"line":176,"column":null}}],"line":176},"20":{"loc":{"start":{"line":186,"column":9},"end":{"line":186,"column":null}},"type":"cond-expr","locations":[{"start":{"line":186,"column":22},"end":{"line":186,"column":37}},{"start":{"line":186,"column":37},"end":{"line":186,"column":null}}],"line":186},"21":{"loc":{"start":{"line":189,"column":27},"end":{"line":189,"column":74}},"type":"binary-expr","locations":[{"start":{"line":189,"column":27},"end":{"line":189,"column":38}},{"start":{"line":189,"column":38},"end":{"line":189,"column":51}},{"start":{"line":189,"column":51},"end":{"line":189,"column":67}},{"start":{"line":189,"column":67},"end":{"line":189,"column":74}}],"line":189},"22":{"loc":{"start":{"line":191,"column":35},"end":{"line":191,"column":null}},"type":"binary-expr","locations":[{"start":{"line":191,"column":35},"end":{"line":191,"column":44}},{"start":{"line":191,"column":44},"end":{"line":191,"column":65}},{"start":{"line":191,"column":65},"end":{"line":191,"column":null}}],"line":191},"23":{"loc":{"start":{"line":198,"column":18},"end":{"line":198,"column":null}},"type":"binary-expr","locations":[{"start":{"line":198,"column":18},"end":{"line":198,"column":41}},{"start":{"line":198,"column":41},"end":{"line":198,"column":null}}],"line":198},"24":{"loc":{"start":{"line":201,"column":17},"end":{"line":247,"column":null}},"type":"cond-expr","locations":[{"start":{"line":202,"column":18},"end":{"line":202,"column":null}},{"start":{"line":204,"column":18},"end":{"line":247,"column":null}}],"line":201},"25":{"loc":{"start":{"line":201,"column":17},"end":{"line":201,"column":null}},"type":"binary-expr","locations":[{"start":{"line":201,"column":17},"end":{"line":201,"column":30}},{"start":{"line":201,"column":30},"end":{"line":201,"column":59}},{"start":{"line":201,"column":59},"end":{"line":201,"column":null}}],"line":201},"26":{"loc":{"start":{"line":205,"column":21},"end":{"line":226,"column":null}},"type":"cond-expr","locations":[{"start":{"line":206,"column":22},"end":{"line":206,"column":null}},{"start":{"line":208,"column":22},"end":{"line":226,"column":null}}],"line":205},"27":{"loc":{"start":{"line":208,"column":22},"end":{"line":226,"column":null}},"type":"binary-expr","locations":[{"start":{"line":208,"column":22},"end":{"line":208,"column":null}},{"start":{"line":209,"column":24},"end":{"line":226,"column":null}}],"line":208},"28":{"loc":{"start":{"line":217,"column":40},"end":{"line":217,"column":null}},"type":"binary-expr","locations":[{"start":{"line":217,"column":40},"end":{"line":217,"column":53}},{"start":{"line":217,"column":53},"end":{"line":217,"column":null}}],"line":217},"29":{"loc":{"start":{"line":232,"column":24},"end":{"line":232,"column":null}},"type":"cond-expr","locations":[{"start":{"line":232,"column":36},"end":{"line":232,"column":50}},{"start":{"line":232,"column":50},"end":{"line":232,"column":null}}],"line":232},"30":{"loc":{"start":{"line":236,"column":25},"end":{"line":236,"column":null}},"type":"cond-expr","locations":[{"start":{"line":236,"column":37},"end":{"line":236,"column":52}},{"start":{"line":236,"column":52},"end":{"line":236,"column":null}}],"line":236},"31":{"loc":{"start":{"line":238,"column":27},"end":{"line":238,"column":null}},"type":"binary-expr","locations":[{"start":{"line":238,"column":27},"end":{"line":238,"column":48}},{"start":{"line":238,"column":48},"end":{"line":238,"column":null}}],"line":238},"32":{"loc":{"start":{"line":241,"column":23},"end":{"line":244,"column":null}},"type":"binary-expr","locations":[{"start":{"line":241,"column":23},"end":{"line":241,"column":null}},{"start":{"line":242,"column":24},"end":{"line":244,"column":null}}],"line":241},"33":{"loc":{"start":{"line":270,"column":17},"end":{"line":270,"column":35}},"type":"default-arg","locations":[{"start":{"line":270,"column":28},"end":{"line":270,"column":35}}],"line":270},"34":{"loc":{"start":{"line":270,"column":44},"end":{"line":270,"column":70}},"type":"default-arg","locations":[{"start":{"line":270,"column":60},"end":{"line":270,"column":70}}],"line":270},"35":{"loc":{"start":{"line":275,"column":4},"end":{"line":277,"column":null}},"type":"if","locations":[{"start":{"line":275,"column":4},"end":{"line":277,"column":null}},{"start":{},"end":{}}],"line":275},"36":{"loc":{"start":{"line":284,"column":10},"end":{"line":284,"column":null}},"type":"cond-expr","locations":[{"start":{"line":284,"column":36},"end":{"line":284,"column":45}},{"start":{"line":284,"column":45},"end":{"line":284,"column":null}}],"line":284},"37":{"loc":{"start":{"line":289,"column":25},"end":{"line":289,"column":59}},"type":"binary-expr","locations":[{"start":{"line":289,"column":25},"end":{"line":289,"column":36}},{"start":{"line":289,"column":36},"end":{"line":289,"column":52}},{"start":{"line":289,"column":52},"end":{"line":289,"column":59}}],"line":289},"38":{"loc":{"start":{"line":299,"column":15},"end":{"line":307,"column":null}},"type":"cond-expr","locations":[{"start":{"line":300,"column":16},"end":{"line":300,"column":null}},{"start":{"line":302,"column":16},"end":{"line":307,"column":null}}],"line":299},"39":{"loc":{"start":{"line":299,"column":15},"end":{"line":299,"column":null}},"type":"binary-expr","locations":[{"start":{"line":299,"column":15},"end":{"line":299,"column":35}},{"start":{"line":299,"column":35},"end":{"line":299,"column":null}}],"line":299},"40":{"loc":{"start":{"line":325,"column":2},"end":{"line":327,"column":null}},"type":"if","locations":[{"start":{"line":325,"column":2},"end":{"line":327,"column":null}},{"start":{},"end":{}}],"line":325},"41":{"loc":{"start":{"line":325,"column":6},"end":{"line":325,"column":55}},"type":"binary-expr","locations":[{"start":{"line":325,"column":6},"end":{"line":325,"column":37}},{"start":{"line":325,"column":37},"end":{"line":325,"column":55}}],"line":325},"42":{"loc":{"start":{"line":330,"column":4},"end":{"line":334,"column":null}},"type":"cond-expr","locations":[{"start":{"line":333,"column":8},"end":{"line":333,"column":null}},{"start":{"line":334,"column":8},"end":{"line":334,"column":null}}],"line":330},"43":{"loc":{"start":{"line":330,"column":4},"end":{"line":332,"column":null}},"type":"binary-expr","locations":[{"start":{"line":330,"column":4},"end":{"line":330,"column":null}},{"start":{"line":331,"column":4},"end":{"line":331,"column":null}},{"start":{"line":332,"column":4},"end":{"line":332,"column":null}}],"line":330},"44":{"loc":{"start":{"line":338,"column":2},"end":{"line":351,"column":null}},"type":"if","locations":[{"start":{"line":338,"column":2},"end":{"line":351,"column":null}},{"start":{"line":343,"column":2},"end":{"line":351,"column":null}}],"line":338},"45":{"loc":{"start":{"line":339,"column":4},"end":{"line":340,"column":null}},"type":"binary-expr","locations":[{"start":{"line":339,"column":4},"end":{"line":339,"column":null}},{"start":{"line":340,"column":4},"end":{"line":340,"column":null}}],"line":339},"46":{"loc":{"start":{"line":343,"column":2},"end":{"line":351,"column":null}},"type":"if","locations":[{"start":{"line":343,"column":2},"end":{"line":351,"column":null}},{"start":{},"end":{}}],"line":343},"47":{"loc":{"start":{"line":344,"column":4},"end":{"line":346,"column":null}},"type":"binary-expr","locations":[{"start":{"line":344,"column":4},"end":{"line":344,"column":null}},{"start":{"line":345,"column":4},"end":{"line":345,"column":null}},{"start":{"line":346,"column":4},"end":{"line":346,"column":null}}],"line":344},"48":{"loc":{"start":{"line":353,"column":9},"end":{"line":355,"column":null}},"type":"cond-expr","locations":[{"start":{"line":354,"column":6},"end":{"line":354,"column":null}},{"start":{"line":355,"column":6},"end":{"line":355,"column":null}}],"line":353}},"s":{"0":0,"1":0,"2":0,"3":0,"4":0,"5":0,"6":0,"7":0,"8":0,"9":0,"10":0,"11":0,"12":0,"13":0,"14":0,"15":0,"16":0,"17":0,"18":0,"19":0,"20":0,"21":0,"22":0,"23":0,"24":0,"25":0,"26":0,"27":0,"28":0,"29":0,"30":0,"31":0,"32":0,"33":0,"34":0,"35":0,"36":0,"37":0,"38":0,"39":0,"40":0,"41":0,"42":0,"43":0,"44":0,"45":0,"46":0,"47":0,"48":0,"49":0,"50":0,"51":0,"52":0,"53":0,"54":0,"55":0,"56":0,"57":0,"58":0,"59":0,"60":0,"61":0,"62":0},"f":{"0":0,"1":0,"2":0,"3":0,"4":0,"5":0,"6":0,"7":0,"8":0,"9":0,"10":0,"11":0},"b":{"0":[0,0],"1":[0,0],"2":[0,0],"3":[0,0],"4":[0,0],"5":[0,0],"6":[0],"7":[0],"8":[0],"9":[0,0],"10":[0,0],"11":[0,0,0,0],"12":[0,0],"13":[0,0],"14":[0,0],"15":[0,0],"16":[0,0],"17":[0,0],"18":[0,0],"19":[0,0],"20":[0,0],"21":[0,0,0,0],"22":[0,0,0],"23":[0,0],"24":[0,0],"25":[0,0,0],"26":[0,0],"27":[0,0],"28":[0,0],"29":[0,0],"30":[0,0],"31":[0,0],"32":[0,0],"33":[0],"34":[0],"35":[0,0],"36":[0,0],"37":[0,0,0],"38":[0,0],"39":[0,0],"40":[0,0],"41":[0,0],"42":[0,0],"43":[0,0,0],"44":[0,0],"45":[0,0],"46":[0,0],"47":[0,0,0],"48":[0,0]},"meta":{"lastBranch":49,"lastFunction":12,"lastStatement":63,"seen":{"s:9:15:9:Infinity":0,"s:25:21:25:Infinity":1,"f:27:9:27:20":0,"s:28:18:28:Infinity":2,"b:30:2:32:Infinity:undefined:undefined:undefined:undefined":0,"s:30:2:32:Infinity":3,"s:31:4:31:Infinity":4,"s:34:2:34:Infinity":5,"s:37:23:67:Infinity":6,"f:45:2:45:3":1,"s:46:19:46:Infinity":7,"s:47:18:47:Infinity":8,"b:47:27:47:33:47:33:47:59":1,"s:49:2:65:Infinity":9,"s:68:0:68:Infinity":10,"s:70:19:101:Infinity":11,"f:70:19:70:20":2,"s:71:22:73:Infinity":12,"f:72:4:72:5":3,"s:72:20:72:Infinity":13,"b:72:20:72:36:72:36:72:Infinity":2,"b:75:2:77:Infinity:undefined:undefined:undefined:undefined":3,"s:75:2:77:Infinity":14,"s:76:4:76:Infinity":15,"s:79:2:99:Infinity":16,"f:84:12:84:13":4,"s:84:33:93:Infinity":17,"f:87:7:87:8":5,"s:89:6:90:Infinity":18,"b:89:6:89:Infinity:90:6:90:Infinity":4,"s:91:4:91:Infinity":19,"b:91:19:91:51:91:51:91:Infinity":5,"s:103:21:103:Infinity":20,"s:105:28:256:Infinity":21,"f:116:2:116:Infinity":6,"b:121:18:121:Infinity":6,"b:122:18:122:Infinity":7,"b:123:22:123:Infinity":8,"s:134:23:134:Infinity":22,"s:136:25:170:Infinity":23,"f:136:39:136:45":7,"b:137:6:139:Infinity:undefined:undefined:undefined:undefined":9,"s:137:6:139:Infinity":24,"b:137:10:137:23:137:23:137:41":10,"s:138:8:138:Infinity":25,"s:141:21:141:Infinity":26,"s:142:18:142:Infinity":27,"b:142:21:142:33:142:33:142:50:142:50:142:64:142:64:142:71":11,"s:143:25:143:Infinity":28,"s:145:8:147:Infinity":29,"b:146:12:146:Infinity:147:12:147:Infinity":12,"b:145:8:145:21:145:21:145:Infinity":13,"b:146:12:146:59:146:59:146:Infinity":14,"b:149:6:155:Infinity:undefined:undefined:undefined:undefined":15,"s:149:6:155:Infinity":30,"s:150:8:153:Infinity":31,"b:157:6:159:Infinity:undefined:undefined:undefined:undefined":16,"s:157:6:159:Infinity":32,"s:158:8:158:Infinity":33,"s:161:6:161:Infinity":34,"b:172:4:174:Infinity:undefined:undefined:undefined:undefined":17,"s:172:4:174:Infinity":35,"b:172:8:172:19:172:19:172:37":18,"s:173:6:173:Infinity":36,"s:176:22:176:Infinity":37,"b:176:22:176:46:176:46:176:Infinity":19,"s:178:4:253:Infinity":38,"b:186:22:186:37:186:37:186:Infinity":20,"f:188:23:188:24":8,"s:189:24:189:Infinity":39,"b:189:27:189:38:189:38:189:51:189:51:189:67:189:67:189:74":21,"s:190:31:190:Infinity":40,"s:191:35:191:Infinity":41,"b:191:35:191:44:191:44:191:65:191:65:191:Infinity":22,"s:193:12:249:Infinity":42,"b:198:18:198:41:198:41:198:Infinity":23,"b:202:18:202:Infinity:204:18:247:Infinity":24,"b:201:17:201:30:201:30:201:59:201:59:201:Infinity":25,"b:206:22:206:Infinity:208:22:226:Infinity":26,"b:208:22:208:Infinity:209:24:226:Infinity":27,"b:217:40:217:53:217:53:217:Infinity":28,"b:232:36:232:50:232:50:232:Infinity":29,"b:236:37:236:52:236:52:236:Infinity":30,"b:238:27:238:48:238:48:238:Infinity":31,"b:241:23:241:Infinity:242:24:244:Infinity":32,"s:257:0:257:Infinity":43,"s:259:20:259:Infinity":44,"s:261:27:316:Infinity":45,"f:269:2:269:Infinity":9,"b:270:28:270:35":33,"b:270:60:270:70":34,"s:273:23:273:Infinity":46,"b:275:4:277:Infinity:undefined:undefined:undefined:undefined":35,"s:275:4:277:Infinity":47,"s:276:6:276:Infinity":48,"s:279:4:313:Infinity":49,"b:284:36:284:45:284:45:284:Infinity":36,"f:288:21:288:22":10,"s:289:22:289:Infinity":50,"b:289:25:289:36:289:36:289:52:289:52:289:59":37,"s:290:29:290:Infinity":51,"s:292:10:310:Infinity":52,"b:300:16:300:Infinity:302:16:307:Infinity":38,"b:299:15:299:35:299:35:299:Infinity":39,"s:317:0:317:Infinity":53,"f:320:9:320:Infinity":11,"b:325:2:327:Infinity:undefined:undefined:undefined:undefined":40,"s:325:2:327:Infinity":54,"b:325:6:325:37:325:37:325:55":41,"s:326:4:326:Infinity":55,"s:330:4:334:Infinity":56,"b:333:8:333:Infinity:334:8:334:Infinity":42,"b:330:4:330:Infinity:331:4:331:Infinity:332:4:332:Infinity":43,"s:336:31:336:Infinity":57,"b:338:2:351:Infinity:343:2:351:Infinity":44,"s:338:2:351:Infinity":58,"b:339:4:339:Infinity:340:4:340:Infinity":45,"s:342:4:342:Infinity":59,"b:343:2:351:Infinity:undefined:undefined:undefined:undefined":46,"s:343:2:351:Infinity":60,"b:344:4:344:Infinity:345:4:345:Infinity:346:4:346:Infinity":47,"s:348:4:350:Infinity":61,"s:353:2:355:Infinity":62,"b:354:6:354:Infinity:355:6:355:Infinity":48}}}
,"/home/runner/workspace/client/src/components/ui/checkbox.tsx": {"path":"/home/runner/workspace/client/src/components/ui/checkbox.tsx","statementMap":{"0":{"start":{"line":7,"column":17},"end":{"line":25,"column":null}},"1":{"start":{"line":11,"column":2},"end":{"line":24,"column":null}},"2":{"start":{"line":26,"column":0},"end":{"line":26,"column":null}}},"fnMap":{"0":{"name":"(anonymous_0)","decl":{"start":{"line":10,"column":2},"end":{"line":10,"column":3}},"loc":{"start":{"line":11,"column":2},"end":{"line":24,"column":null}},"line":11}},"branchMap":{},"s":{"0":0,"1":0,"2":0},"f":{"0":0},"b":{},"meta":{"lastBranch":0,"lastFunction":1,"lastStatement":3,"seen":{"s:7:17:25:Infinity":0,"f:10:2:10:3":0,"s:11:2:24:Infinity":1,"s:26:0:26:Infinity":2}}}
,"/home/runner/workspace/client/src/components/ui/collapsible.tsx": {"path":"/home/runner/workspace/client/src/components/ui/collapsible.tsx","statementMap":{"0":{"start":{"line":5,"column":20},"end":{"line":5,"column":null}},"1":{"start":{"line":7,"column":27},"end":{"line":7,"column":null}},"2":{"start":{"line":9,"column":27},"end":{"line":9,"column":null}}},"fnMap":{},"branchMap":{},"s":{"0":0,"1":0,"2":0},"f":{},"b":{},"meta":{"lastBranch":0,"lastFunction":0,"lastStatement":3,"seen":{"s:5:20:5:Infinity":0,"s:7:27:7:Infinity":1,"s:9:27:9:Infinity":2}}}
,"/home/runner/workspace/client/src/components/ui/command.tsx": {"path":"/home/runner/workspace/client/src/components/ui/command.tsx","statementMap":{"0":{"start":{"line":9,"column":16},"end":{"line":21,"column":null}},"1":{"start":{"line":13,"column":2},"end":{"line":20,"column":null}},"2":{"start":{"line":22,"column":0},"end":{"line":22,"column":null}},"3":{"start":{"line":24,"column":22},"end":{"line":34,"column":null}},"4":{"start":{"line":25,"column":2},"end":{"line":32,"column":null}},"5":{"start":{"line":36,"column":21},"end":{"line":51,"column":null}},"6":{"start":{"line":40,"column":2},"end":{"line":50,"column":null}},"7":{"start":{"line":53,"column":0},"end":{"line":53,"column":null}},"8":{"start":{"line":55,"column":20},"end":{"line":64,"column":null}},"9":{"start":{"line":59,"column":2},"end":{"line":63,"column":null}},"10":{"start":{"line":66,"column":0},"end":{"line":66,"column":null}},"11":{"start":{"line":68,"column":21},"end":{"line":77,"column":null}},"12":{"start":{"line":72,"column":2},"end":{"line":76,"column":null}},"13":{"start":{"line":79,"column":0},"end":{"line":79,"column":null}},"14":{"start":{"line":81,"column":21},"end":{"line":93,"column":null}},"15":{"start":{"line":85,"column":2},"end":{"line":92,"column":null}},"16":{"start":{"line":95,"column":0},"end":{"line":95,"column":null}},"17":{"start":{"line":97,"column":25},"end":{"line":106,"column":null}},"18":{"start":{"line":101,"column":2},"end":{"line":105,"column":null}},"19":{"start":{"line":107,"column":0},"end":{"line":107,"column":null}},"20":{"start":{"line":109,"column":20},"end":{"line":121,"column":null}},"21":{"start":{"line":113,"column":2},"end":{"line":120,"column":null}},"22":{"start":{"line":123,"column":0},"end":{"line":123,"column":null}},"23":{"start":{"line":125,"column":24},"end":{"line":138,"column":null}},"24":{"start":{"line":129,"column":2},"end":{"line":136,"column":null}},"25":{"start":{"line":139,"column":0},"end":{"line":139,"column":null}}},"fnMap":{"0":{"name":"(anonymous_0)","decl":{"start":{"line":12,"column":2},"end":{"line":12,"column":3}},"loc":{"start":{"line":13,"column":2},"end":{"line":20,"column":null}},"line":13},"1":{"name":"(anonymous_1)","decl":{"start":{"line":24,"column":22},"end":{"line":24,"column":23}},"loc":{"start":{"line":24,"column":63},"end":{"line":34,"column":null}},"line":24},"2":{"name":"(anonymous_2)","decl":{"start":{"line":39,"column":2},"end":{"line":39,"column":3}},"loc":{"start":{"line":40,"column":2},"end":{"line":50,"column":null}},"line":40},"3":{"name":"(anonymous_3)","decl":{"start":{"line":58,"column":2},"end":{"line":58,"column":3}},"loc":{"start":{"line":59,"column":2},"end":{"line":63,"column":null}},"line":59},"4":{"name":"(anonymous_4)","decl":{"start":{"line":71,"column":2},"end":{"line":71,"column":3}},"loc":{"start":{"line":72,"column":2},"end":{"line":76,"column":null}},"line":72},"5":{"name":"(anonymous_5)","decl":{"start":{"line":84,"column":2},"end":{"line":84,"column":3}},"loc":{"start":{"line":85,"column":2},"end":{"line":92,"column":null}},"line":85},"6":{"name":"(anonymous_6)","decl":{"start":{"line":100,"column":2},"end":{"line":100,"column":3}},"loc":{"start":{"line":101,"column":2},"end":{"line":105,"column":null}},"line":101},"7":{"name":"(anonymous_7)","decl":{"start":{"line":112,"column":2},"end":{"line":112,"column":3}},"loc":{"start":{"line":113,"column":2},"end":{"line":120,"column":null}},"line":113},"8":{"name":"(anonymous_8)","decl":{"start":{"line":125,"column":24},"end":{"line":125,"column":25}},"loc":{"start":{"line":128,"column":45},"end":{"line":138,"column":null}},"line":128}},"branchMap":{},"s":{"0":0,"1":0,"2":0,"3":0,"4":0,"5":0,"6":0,"7":0,"8":0,"9":0,"10":0,"11":0,"12":0,"13":0,"14":0,"15":0,"16":0,"17":0,"18":0,"19":0,"20":0,"21":0,"22":0,"23":0,"24":0,"25":0},"f":{"0":0,"1":0,"2":0,"3":0,"4":0,"5":0,"6":0,"7":0,"8":0},"b":{},"meta":{"lastBranch":0,"lastFunction":9,"lastStatement":26,"seen":{"s:9:16:21:Infinity":0,"f:12:2:12:3":0,"s:13:2:20:Infinity":1,"s:22:0:22:Infinity":2,"s:24:22:34:Infinity":3,"f:24:22:24:23":1,"s:25:2:32:Infinity":4,"s:36:21:51:Infinity":5,"f:39:2:39:3":2,"s:40:2:50:Infinity":6,"s:53:0:53:Infinity":7,"s:55:20:64:Infinity":8,"f:58:2:58:3":3,"s:59:2:63:Infinity":9,"s:66:0:66:Infinity":10,"s:68:21:77:Infinity":11,"f:71:2:71:3":4,"s:72:2:76:Infinity":12,"s:79:0:79:Infinity":13,"s:81:21:93:Infinity":14,"f:84:2:84:3":5,"s:85:2:92:Infinity":15,"s:95:0:95:Infinity":16,"s:97:25:106:Infinity":17,"f:100:2:100:3":6,"s:101:2:105:Infinity":18,"s:107:0:107:Infinity":19,"s:109:20:121:Infinity":20,"f:112:2:112:3":7,"s:113:2:120:Infinity":21,"s:123:0:123:Infinity":22,"s:125:24:138:Infinity":23,"f:125:24:125:25":8,"s:129:2:136:Infinity":24,"s:139:0:139:Infinity":25}}}
,"/home/runner/workspace/client/src/components/ui/context-menu.tsx": {"path":"/home/runner/workspace/client/src/components/ui/context-menu.tsx","statementMap":{"0":{"start":{"line":7,"column":20},"end":{"line":7,"column":null}},"1":{"start":{"line":9,"column":27},"end":{"line":9,"column":null}},"2":{"start":{"line":11,"column":25},"end":{"line":11,"column":null}},"3":{"start":{"line":13,"column":26},"end":{"line":13,"column":null}},"4":{"start":{"line":15,"column":23},"end":{"line":15,"column":null}},"5":{"start":{"line":17,"column":30},"end":{"line":17,"column":null}},"6":{"start":{"line":19,"column":30},"end":{"line":37,"column":null}},"7":{"start":{"line":25,"column":2},"end":{"line":36,"column":null}},"8":{"start":{"line":38,"column":0},"end":{"line":38,"column":null}},"9":{"start":{"line":40,"column":30},"end":{"line":52,"column":null}},"10":{"start":{"line":44,"column":2},"end":{"line":51,"column":null}},"11":{"start":{"line":53,"column":0},"end":{"line":53,"column":null}},"12":{"start":{"line":55,"column":27},"end":{"line":69,"column":null}},"13":{"start":{"line":59,"column":2},"end":{"line":68,"column":null}},"14":{"start":{"line":70,"column":0},"end":{"line":70,"column":null}},"15":{"start":{"line":72,"column":24},"end":{"line":87,"column":null}},"16":{"start":{"line":78,"column":2},"end":{"line":86,"column":null}},"17":{"start":{"line":88,"column":0},"end":{"line":88,"column":null}},"18":{"start":{"line":90,"column":32},"end":{"line":110,"column":null}},"19":{"start":{"line":94,"column":2},"end":{"line":109,"column":null}},"20":{"start":{"line":111,"column":0},"end":{"line":112,"column":null}},"21":{"start":{"line":114,"column":29},"end":{"line":133,"column":null}},"22":{"start":{"line":118,"column":2},"end":{"line":132,"column":null}},"23":{"start":{"line":134,"column":0},"end":{"line":134,"column":null}},"24":{"start":{"line":136,"column":25},"end":{"line":151,"column":null}},"25":{"start":{"line":142,"column":2},"end":{"line":150,"column":null}},"26":{"start":{"line":152,"column":0},"end":{"line":152,"column":null}},"27":{"start":{"line":154,"column":29},"end":{"line":163,"column":null}},"28":{"start":{"line":158,"column":2},"end":{"line":162,"column":null}},"29":{"start":{"line":
[...]
:27:17":0,"s:28:2:28:Infinity":4,"s:29:2:29:Infinity":5,"s:56:22:56:Infinity":6,"s:58:25:72:Infinity":7,"f:58:25:58:26":1,"b:59:2:61:Infinity:undefined:undefined:undefined:undefined":0,"s:59:2:61:Infinity":8,"s:60:4:60:Infinity":9,"s:63:18:69:Infinity":10,"f:63:29:63:35":2,"s:64:4:64:Infinity":11,"s:65:4:68:Infinity":12,"s:71:2:71:Infinity":13,"s:74:23:127:Infinity":14,"f:74:23:74:24":3,"b:76:4:80:Infinity:82:4:88:Infinity:90:4:114:Infinity:115:4:125:Infinity":1,"s:75:2:126:Infinity":15,"s:77:6:80:Infinity":16,"s:83:6:88:Infinity":17,"f:85:33:85:34":4,"s:86:10:86:Infinity":18,"b:86:37:86:65:86:65:86:Infinity":2,"s:91:26:91:Infinity":19,"b:95:6:101:Infinity:97:13:101:Infinity":3,"s:95:6:101:Infinity":20,"s:96:8:96:Infinity":21,"s:98:8:100:Infinity":22,"f:98:29:98:30":5,"s:99:10:99:Infinity":23,"s:103:6:113:Infinity":24,"f:105:33:105:34":6,"s:106:10:111:Infinity":25,"b:107:14:110:Infinity:111:14:111:Infinity":4,"b:106:10:106:30:106:30:106:Infinity":5,"b:116:6:121:Infinity:undefined:undefined:undefined:undefined":6,"s:116:6:121:Infinity":26,"s:117:8:120:Infinity":27,"s:122:6:125:Infinity":28,"f:124:36:124:37":7,"s:124:43:124:66":29,"s:129:49:129:Infinity":30,"s:131:25:131:Infinity":31,"f:133:9:133:18":8,"s:134:2:134:Infinity":32,"s:135:2:137:Infinity":33,"f:135:20:135:21":9,"s:136:4:136:Infinity":34,"f:142:9:142:15":10,"s:143:13:143:Infinity":35,"s:145:17:149:Infinity":36,"f:145:17:145:18":11,"s:146:4:149:Infinity":37,"s:150:18:150:Infinity":38,"f:150:18:150:24":12,"s:150:24:150:Infinity":39,"s:152:2:162:Infinity":40,"f:158:20:158:21":13,"b:159:8:159:Infinity:undefined:undefined:undefined:undefined":7,"s:159:8:159:Infinity":41,"s:159:19:159:Infinity":42,"s:164:2:168:Infinity":43,"f:171:9:171:20":14,"s:172:28:172:Infinity":44,"s:174:2:182:Infinity":45,"f:174:18:174:24":15,"s:175:4:175:Infinity":46,"s:176:4:181:Infinity":47,"f:176:11:176:17":16,"s:177:20:177:Infinity":48,"b:178:6:180:Infinity:undefined:undefined:undefined:undefined":8,"s:178:6:180:Infinity":49,"s:179:8:179:Infinity":50,"s:184:2:188:Infinity":51,"f:187:13:187:14":17,"s:187:35:187:Infinity":52}}}
,"/home/runner/workspace/client/src/lib/mockData.ts": {"path":"/home/runner/workspace/client/src/lib/mockData.ts","statementMap":{"0":{"start":{"line":28,"column":60},"end":{"line":79,"column":null}},"1":{"start":{"line":82,"column":43},"end":{"line":88,"column":null}},"2":{"start":{"line":91,"column":48},"end":{"line":94,"column":null}},"3":{"start":{"line":97,"column":2},"end":{"line":112,"column":null}},"4":{"start":{"line":99,"column":6},"end":{"line":99,"column":null}},"5":{"start":{"line":101,"column":6},"end":{"line":101,"column":null}},"6":{"start":{"line":103,"column":6},"end":{"line":103,"column":null}},"7":{"start":{"line":105,"column":6},"end":{"line":105,"column":null}},"8":{"start":{"line":107,"column":6},"end":{"line":107,"column":null}},"9":{"start":{"line":109,"column":6},"end":{"line":109,"column":null}},"10":{"start":{"line":111,"column":6},"end":{"line":111,"column":null}}},"fnMap":{"0":{"name":"getWeatherIcon","decl":{"start":{"line":96,"column":16},"end":{"line":96,"column":31}},"loc":{"start":{"line":96,"column":58},"end":{"line":113,"column":null}},"line":96}},"branchMap":{"0":{"loc":{"start":{"line":97,"column":2},"end":{"line":112,"column":null}},"type":"switch","locations":[{"start":{"line":98,"column":4},"end":{"line":99,"column":null}},{"start":{"line":100,"column":4},"end":{"line":101,"column":null}},{"start":{"line":102,"column":4},"end":{"line":103,"column":null}},{"start":{"line":104,"column":4},"end":{"line":105,"column":null}},{"start":{"line":106,"column":4},"end":{"line":107,"column":null}},{"start":{"line":108,"column":4},"end":{"line":109,"column":null}},{"start":{"line":110,"column":4},"end":{"line":111,"column":null}}],"line":97}},"s":{"0":2,"1":2,"2":2,"3":0,"4":0,"5":0,"6":0,"7":0,"8":0,"9":0,"10":0},"f":{"0":0},"b":{"0":[0,0,0,0,0,0,0]},"meta":{"lastBranch":1,"lastFunction":1,"lastStatement":11,"seen":{"s:28:60:79:Infinity":0,"s:82:43:88:Infinity":1,"s:91:48:94:Infinity":2,"f:96:16:96:31":0,"b:98:4:99:Infinity:100:4:101:Infinity:102:4:103:Infinity:104:4:105:Infinity:106:4:107:Infinity:108:4:109:Infinity:110:4:111:Infinity":0,"s:97:2:112:Infinity":3,"s:99:6:99:Infinity":4,"s:101:6:101:Infinity":5,"s:103:6:103:Infinity":6,"s:105:6:105:Infinity":7,"s:107:6:107:Infinity":8,"s:109:6:109:Infinity":9,"s:111:6:111:Infinity":10}}}
,"/home/runner/workspace/client/src/lib/queryClient.ts": {"path":"/home/runner/workspace/client/src/lib/queryClient.ts","statementMap":{"0":{"start":{"line":4,"column":2},"end":{"line":7,"column":null}},"1":{"start":{"line":5,"column":18},"end":{"line":5,"column":null}},"2":{"start":{"line":6,"column":4},"end":{"line":6,"column":null}},"3":{"start":{"line":15,"column":14},"end":{"line":20,"column":null}},"4":{"start":{"line":22,"column":2},"end":{"line":22,"column":null}},"5":{"start":{"line":23,"column":2},"end":{"line":23,"column":null}},"6":{"start":{"line":30,"column":2},"end":{"line":42,"column":null}},"7":{"start":{"line":31,"column":2},"end":{"line":42,"column":null}},"8":{"start":{"line":32,"column":16},"end":{"line":34,"column":null}},"9":{"start":{"line":36,"column":4},"end":{"line":38,"column":null}},"10":{"start":{"line":37,"column":6},"end":{"line":37,"column":null}},"11":{"start":{"line":40,"column":4},"end":{"line":40,"column":null}},"12":{"start":{"line":41,"column":4},"end":{"line":41,"column":null}},"13":{"start":{"line":44,"column":27},"end":{"line":57,"column":null}}},"fnMap":{"0":{"name":"throwIfResNotOk","decl":{"start":{"line":3,"column":15},"end":{"line":3,"column":31}},"loc":{"start":{"line":3,"column":46},"end":{"line":8,"column":null}},"line":3},"1":{"name":"apiRequest","decl":{"start":{"line":10,"column":22},"end":{"line":10,"column":null}},"loc":{"start":{"line":14,"column":21},"end":{"line":24,"column":null}},"line":14},"2":{"name":"(anonymous_2)","decl":{"start":{"line":30,"column":2},"end":{"line":30,"column":3}},"loc":{"start":{"line":31,"column":2},"end":{"line":42,"column":null}},"line":31},"3":{"name":"(anonymous_3)","decl":{"start":{"line":31,"column":2},"end":{"line":31,"column":9}},"loc":{"start":{"line":31,"column":26},"end":{"line":42,"column":null}},"line":31}},"branchMap":{"0":{"loc":{"start":{"line":4,"column":2},"end":{"line":7,"column":null}},"type":"if","locations":[{"start":{"line":4,"column":2},"end":{"line":7,"column":null}},{"start":{},"end":{}}],"line":4},"1":{"loc":{"start":{"line":5,"column":18},"end":{"line":5,"column":null}},"type":"binary-expr","locations":[{"start":{"line":5,"column":18},"end":{"line":5,"column":39}},{"start":{"line":5,"column":39},"end":{"line":5,"column":null}}],"line":5},"2":{"loc":{"start":{"line":17,"column":13},"end":{"line":17,"column":null}},"type":"cond-expr","locations":[{"start":{"line":17,"column":20},"end":{"line":17,"column":61}},{"start":{"line":17,"column":61},"end":{"line":17,"column":null}}],"line":17},"3":{"loc":{"start":{"line":18,"column":10},"end":{"line":18,"column":null}},"type":"cond-expr","locations":[{"start":{"line":18,"column":17},"end":{"line":18,"column":40}},{"start":{"line":18,"column":40},"end":{"line":18,"column":null}}],"line":18},"4":{"loc":{"start":{"line":36,"column":4},"end":{"line":38,"column":null}},"type":"if","locations":[{"start":{"line":36,"column":4},"end":{"line":38,"column":null}},{"start":{},"end":{}}],"line":36},"5":{"loc":{"start":{"line":36,"column":8},"end":{"line":36,"column":69}},"type":"binary-expr","locations":[{"start":{"line":36,"column":8},"end":{"line":36,"column":49}},{"start":{"line":36,"column":49},"end":{"line":36,"column":69}}],"line":36}},"s":{"0":0,"1":0,"2":0,"3":0,"4":0,"5":0,"6":0,"7":0,"8":0,"9":0,"10":0,"11":0,"12":0,"13":0},"f":{"0":0,"1":0,"2":0,"3":0},"b":{"0":[0,0],"1":[0,0],"2":[0,0],"3":[0,0],"4":[0,0],"5":[0,0]},"meta":{"lastBranch":6,"lastFunction":4,"lastStatement":14,"seen":{"f:3:15:3:31":0,"b:4:2:7:Infinity:undefined:undefined:undefined:undefined":0,"s:4:2:7:Infinity":0,"s:5:18:5:Infinity":1,"b:5:18:5:39:5:39:5:Infinity":1,"s:6:4:6:Infinity":2,"f:10:22:10:Infinity":1,"s:15:14:20:Infinity":3,"b:17:20:17:61:17:61:17:Infinity":2,"b:18:17:18:40:18:40:18:Infinity":3,"s:22:2:22:Infinity":4,"s:23:2:23:Infinity":5,"s:30:2:42:Infinity":6,"f:30:2:30:3":2,"s:31:2:42:Infinity":7,"f:31:2:31:9":3,"s:32:16:34:Infinity":8,"b:36:4:38:Infinity:undefined:undefined:undefined:undefined":4,"s:36:4:38:Infinity":9,"b:36:8:36:49:36:49:36:69":5,"s:37:6:37:Infinity":10,"s:40:4:40:Infinity":11,"s:41:4:41:Infinity":12,"s:44:27:57:Infinity":13}}}
,"/home/runner/workspace/client/src/lib/utils.ts": {"path":"/home/runner/workspace/client/src/lib/utils.ts","statementMap":{"0":{"start":{"line":5,"column":2},"end":{"line":5,"column":null}}},"fnMap":{"0":{"name":"cn","decl":{"start":{"line":4,"column":16},"end":{"line":4,"column":22}},"loc":{"start":{"line":4,"column":44},"end":{"line":6,"column":null}},"line":4}},"branchMap":{},"s":{"0":425},"f":{"0":425},"b":{},"meta":{"lastBranch":0,"lastFunction":1,"lastStatement":1,"seen":{"f:4:16:4:22":0,"s:5:2:5:Infinity":0}}}
,"/home/runner/workspace/client/src/pages/home.tsx": {"path":"/home/runner/workspace/client/src/pages/home.tsx","statementMap":{"0":{"start":{"line":9,"column":30},"end":{"line":9,"column":null}},"1":{"start":{"line":13,"column":42},"end":{"line":13,"column":null}},"2":{"start":{"line":14,"column":32},"end":{"line":14,"column":null}},"3":{"start":{"line":15,"column":52},"end":{"line":15,"column":null}},"4":{"start":{"line":16,"column":30},"end":{"line":16,"column":null}},"5":{"start":{"line":17,"column":16},"end":{"line":17,"column":null}},"6":{"start":{"line":20,"column":2},"end":{"line":30,"column":null}},"7":{"start":{"line":21,"column":27},"end":{"line":21,"column":null}},"8":{"start":{"line":22,"column":4},"end":{"line":28,"column":null}},"9":{"start":{"line":23,"column":6},"end":{"line":27,"column":null}},"10":{"start":{"line":24,"column":8},"end":{"line":24,"column":null}},"11":{"start":{"line":26,"column":8},"end":{"line":26,"column":null}},"12":{"start":{"line":29,"column":4},"end":{"line":29,"column":null}},"13":{"start":{"line":33,"column":2},"end":{"line":37,"column":null}},"14":{"start":{"line":34,"column":4},"end":{"line":36,"column":null}},"15":{"start":{"line":35,"column":6},"end":{"line":35,"column":null}},"16":{"start":{"line":39,"column":21},"end":{"line":41,"column":null}},"17":{"start":{"line":40,"column":9},"end":{"line":40,"column":null}},"18":{"start":{"line":43,"column":8},"end":{"line":72,"column":null}},"19":{"start":{"line":44,"column":20},"end":{"line":44,"column":null}},"20":{"start":{"line":45,"column":49},"end":{"line":56,"column":null}},"21":{"start":{"line":58,"column":22},"end":{"line":58,"column":null}},"22":{"start":{"line":59,"column":4},"end":{"line":71,"column":null}},"23":{"start":{"line":60,"column":6},"end":{"line":60,"column":null}},"24":{"start":{"line":61,"column":6},"end":{"line":64,"column":null}},"25":{"start":{"line":66,"column":6},"end":{"line":70,"column":null}},"26":{"start":{"line":74,"column":8},"end":{"line":81,"column":null}},"27":{"start":{"line":76,"column":4},"end":{"line":76,"column":null}},"28":{"start":{"line":77,"column":4},"end":{"line":80,"column":null}},"29":{"start":{"line":83,"column":8},"end":{"line":102,"column":null}},"30":{"start":{"line":84,"column":4},"end":{"line":101,"column":null}},"31":{"start":{"line":85,"column":6},"end":{"line":85,"column":null}},"32":{"start":{"line":85,"column":27},"end":{"line":85,"column":103}},"33":{"start":{"line":85,"column":44},"end":{"line":85,"column":102}},"34":{"start":{"line":86,"column":6},"end":{"line":89,"column":null}},"35":{"start":{"line":91,"column":40},"end":{"line":95,"column":null}},"36":{"start":{"line":96,"column":6},"end":{"line":96,"column":null}},"37":{"start":{"line":96,"column":27},"end":{"line":96,"column":49}},"38":{"start":{"line":97,"column":6},"end":{"line":100,"column":null}},"39":{"start":{"line":104,"column":8},"end":{"line":107,"column":null}},"40":{"start":{"line":105,"column":4},"end":{"line":105,"column":null}},"41":{"start":{"line":106,"column":4},"end":{"line":106,"column":null}},"42":{"start":{"line":109,"column":8},"end":{"line":115,"column":null}},"43":{"start":{"line":110,"column":4},"end":{"line":110,"column":null}},"44":{"start":{"line":110,"column":25},"end":{"line":110,"column":54}},"45":{"start":{"line":110,"column":42},"end":{"line":110,"column":53}},"46":{"start":{"line":111,"column":4},"end":{"line":114,"column":null}},"47":{"start":{"line":117,"column":2},"end":{"line":165,"column":null}},"48":{"start":{"line":147,"column":29},"end":{"line":147,"column":null}}},"fnMap":{"0":{"name":"Home","decl":{"start":{"line":11,"column":24},"end":{"line":11,"column":31}},"loc":{"start":{"line":11,"column":31},"end":{"line":167,"column":null}},"line":11},"1":{"name":"(anonymous_1)","decl":{"start":{"line":20,"column":12},"end":{"line":20,"column":18}},"loc":{"start":{"line":20,"column":18},"end":{"line":30,"column":5}},"line":20},"2":{"name":"(anonymous_2)","decl":{"start":{"line":33,"column":12},"end":{"line":33,"column":18}},"loc":{"start":{"line":33,"column":18},"end":{"line":37,"column":5}},"line":33},"3":{"name":"(anonymous_3)","decl":{"start":{"line":40,"column":4},"end":{"line":40,"column":9}},"loc":{"start":{"line":40,"column":9},"end":{"line":40,"column":null}},"line":40},"4":{"name":"(anonymous_4)","decl":{"start":{"line":43,"column":35},"end":{"line":43,"column":36}},"loc":{"start":{"line":43,"column":53},"end":{"line":72,"column":5}},"line":43},"5":{"name":"(anonymous_5)","decl":{"start":{"line":74,"column":38},"end":{"line":74,"column":44}},"loc":{"start":{"line":74,"column":44},"end":{"line":81,"column":5}},"line":74},"6":{"name":"(anonymous_6)","decl":{"start":{"line":83,"column":43},"end":{"line":83,"column":49}},"loc":{"start":{"line":83,"column":49},"end":{"line":102,"column":5}},"line":83},"7":{"name":"(anonymous_7)","decl":{"start":{"line":85,"column":19},"end":{"line":85,"column":27}},"loc":{"start":{"line":85,"column":27},"end":{"line":85,"column":103}},"line":85},"8":{"name":"(anonymous_8)","decl":{"start":{"line":85,"column":39},"end":{"line":85,"column":44}},"loc":{"start":{"line":85,"column":44},"end":{"line":85,"column":102}},"line":85},"9":{"name":"(anonymous_9)","decl":{"start":{"line":96,"column":19},"end":{"line":96,"column":27}},"loc":{"start":{"line":96,"column":27},"end":{"line":96,"column":49}},"line":96},"10":{"name":"(anonymous_10)","decl":{"start":{"line":104,"column":39},"end":{"line":104,"column":40}},"loc":{"start":{"line":104,"column":61},"end":{"line":107,"column":5}},"line":104},"11":{"name":"(anonymous_11)","decl":{"start":{"line":109,"column":43},"end":{"line":109,"column":44}},"loc":{"start":{"line":109,"column":59},"end":{"line":115,"column":5}},"line":109},"12":{"name":"(anonymous_12)","decl":{"start":{"line":110,"column":17},"end":{"line":110,"column":25}},"loc":{"start":{"line":110,"column":25},"end":{"line":110,"column":54}},"line":110},"13":{"name":"(anonymous_13)","decl":{"start":{"line":110,"column":37},"end":{"line":110,"column":42}},"loc":{"start":{"line":110,"column":42},"end":{"line":110,"column":53}},"line":110},"14":{"name":"(anonymous_14)","decl":{"start":{"line":147,"column":23},"end":{"line":147,"column":29}},"loc":{"start":{"line":147,"column":29},"end":{"line":147,"column":null}},"line":147}},"branchMap":{"0":{"loc":{"start":{"line":22,"column":4},"end":{"line":28,"column":null}},"type":"if","locations":[{"start":{"line":22,"column":4},"end":{"line":28,"column":null}},{"start":{},"end":{}}],"line":22},"1":{"loc":{"start":{"line":34,"column":4},"end":{"line":36,"column":null}},"type":"if","locations":[{"start":{"line":34,"column":4},"end":{"line":36,"column":null}},{"start":{},"end":{}}],"line":34},"2":{"loc":{"start":{"line":59,"column":4},"end":{"line":71,"column":null}},"type":"if","locations":[{"start":{"line":59,"column":4},"end":{"line":71,"column":null}},{"start":{"line":65,"column":11},"end":{"line":71,"column":null}}],"line":59},"3":{"loc":{"start":{"line":59,"column":8},"end":{"line":59,"column":49}},"type":"binary-expr","locations":[{"start":{"line":59,"column":8},"end":{"line":59,"column":21}},{"start":{"line":59,"column":21},"end":{"line":59,"column":49}}],"line":59},"4":{"loc":{"start":{"line":84,"column":4},"end":{"line":101,"column":null}},"type":"if","locations":[{"start":{"line":84,"column":4},"end":{"line":101,"column":null}},{"start":{"line":90,"column":11},"end":{"line":101,"column":null}}],"line":84},"5":{"loc":{"start":{"line":151,"column":15},"end":{"line":151,"column":null}},"type":"cond-expr","locations":[{"start":{"line":151,"column":37},"end":{"line":151,"column":58}},{"start":{"line":151,"column":58},"end":{"line":151,"column":null}}],"line":151},"6":{"loc":{"start":{"line":153,"column":13},"end":{"line":160,"column":null}},"type":"binary-expr","locations":[{"start":{"line":153,"column":13},"end":{"line":153,"column":null}},{"start":{"line":154,"column":14},"end":{"line":160,"column":null}}],"line":153}},"s":{"0":1,"1":13,"2":13,"3":13,"4":13,"5":13,"6":13,"7":5,"8":5,"9":1,"10":1,"11":1,"12":5,"13":13,"14":11,"15":6,"16":13,"17":26,"18":13,"19":2,"20":2,"21":2,"22":2,"23":2,"24":2,"25":0,"26":13,"27":0,"28":0,"29":13,"30":1,"31":0,"32":0,"33":0,"34":0,"35":1,"36":1,"37":1,"38":1,"39":13,"40":0,"41":0,"42":13,"43":0,"44":0,"45":0,"46":0,"47":13,"48":0},"f":{"0":13,"1":5,"2":11,"3":26,"4":2,"5":0,"6":1,"7":0,"8":0,"9":1,"10":0,"11":0,"12":0,"13":0,"14":0},"b":{"0":[1,4],"1":[6,5],"2":[2,0],"3":[2,2],"4":[0,1],"5":[0,13],"6":[13,0]},"meta":{"lastBranch":7,"lastFunction":15,"lastStatement":49,"seen":{"s:9:30:9:Infinity":0,"f:11:24:11:31":0,"s:13:42:13:Infinity":1,"s:14:32:14:Infinity":2,"s:15:52:15:Infinity":3,"s:16:30:16:Infinity":4,"s:17:16:17:Infinity":5,"s:20:2:30:Infinity":6,"f:20:12:20:18":1,"s:21:27:21:Infinity":7,"b:22:4:28:Infinity:undefined:undefined:undefined:undefined":0,"s:22:4:28:Infinity":8,"s:23:6:27:Infinity":9,"s:24:8:24:Infinity":10,"s:26:8:26:Infinity":11,"s:29:4:29:Infinity":12,"s:33:2:37:Infinity":13,"f:33:12:33:18":2,"b:34:4:36:Infinity:undefined:undefined:undefined:undefined":1,"s:34:4:36:Infinity":14,"s:35:6:35:Infinity":15,"s:39:21:41:Infinity":16,"f:40:4:40:9":3,"s:40:9:40:Infinity":17,"s:43:8:72:Infinity":18,"f:43:35:43:36":4,"s:44:20:44:Infinity":19,"s:45:49:56:Infinity":20,"s:58:22:58:Infinity":21,"b:59:4:71:Infinity:65:11:71:Infinity":2,"s:59:4:71:Infinity":22,"b:59:8:59:21:59:21:59:49":3,"s:60:6:60:Infinity":23,"s:61:6:64:Infinity":24,"s:66:6:70:Infinity":25,"s:74:8:81:Infinity":26,"f:74:38:74:44":5,"s:76:4:76:Infinity":27,"s:77:4:80:Infinity":28,"s:83:8:102:Infinity":29,"f:83:43:83:49":6,"b:84:4:101:Infinity:90:11:101:Infinity":4,"s:84:4:101:Infinity":30,"s:85:6:85:Infinity":31,"f:85:19:85:27":7,"s:85:27:85:103":32,"f:85:39:85:44":8,"s:85:44:85:102":33,"s:86:6:89:Infinity":34,"s:91:40:95:Infinity":35,"s:96:6:96:Infinity":36,"f:96:19:96:27":9,"s:96:27:96:49":37,"s:97:6:100:Infinity":38,"s:104:8:107:Infinity":39,"f:104:39:104:40":10,"s:105:4:105:Infinity":40,"s:106:4:106:Infinity":41,"s:109:8:115:Infinity":42,"f:109:43:109:44":11,"s:110:4:110:Infinity":43,"f:110:17:110:25":12,"s:110:25:110:54":44,"f:110:37:110:42":13,"s:110:42:110:53":45,"s:111:4:114:Infinity":46,"s:117:2:165:Infinity":47,"f:147:23:147:29":14,"s:147:29:147:Infinity":48,"b:151:37:151:58:151:58:151:Infinity":5,"b:153:13:153:Infinity:154:14:160:Infinity":6}}}
,"/home/runner/workspace/client/src/pages/not-found.tsx": {"path":"/home/runner/workspace/client/src/pages/not-found.tsx","statementMap":{"0":{"start":{"line":5,"column":2},"end":{"line":19,"column":null}}},"fnMap":{"0":{"name":"NotFound","decl":{"start":{"line":4,"column":24},"end":{"line":4,"column":35}},"loc":{"start":{"line":4,"column":35},"end":{"line":21,"column":null}},"line":4}},"branchMap":{},"s":{"0":0},"f":{"0":0},"b":{},"meta":{"lastBranch":0,"lastFunction":1,"lastStatement":1,"seen":{"f:4:24:4:35":0,"s:5:2:19:Infinity":0}}}
}
